<?xml version="1.0" encoding="UTF-8"?>
<robot generator="Robot 6.1 (Python 3.11.4 on win32)" generated="20230810 15:50:25.265" rpa="false" schemaversion="4">
<suite id="s1" name="Tests" source="C:\Users\ma_loisel\Documents\Projets\POC_TA\Tests">
<suite id="s1-s1" name="TNR" source="C:\Users\ma_loisel\Documents\Projets\POC_TA\Tests\TNR">
<suite id="s1-s1-s1" name="Test from squash" source="C:\Users\ma_loisel\Documents\Projets\POC_TA\Tests\TNR\Test_from_squash.robot">
<test id="s1-s1-s1-t1" name="Passage de TNR Generique" line="23">
<kw name="Open Jumbo" library="jumbo_keywords">
<kw name="Open Browser" library="SeleniumLibrary">
<arg>${JUMBO}</arg>
<arg>${CHROME}</arg>
<arg>options=add_argument("--start-maximized")</arg>
<doc>Opens a new browser instance to the optional ``url``.</doc>
<msg timestamp="20230810 15:50:25.562" level="INFO">Opening browser 'Chrome' to base url 'https://jumbo-gdp-release-app.rentalis-k8s.digital.infobam.com'.</msg>
<msg timestamp="20230810 15:50:25.568" level="INFO">Executing: C:\Users\ma_loisel\AppData\Local\Programs\Python\Python311\Lib\site-packages\selenium\webdriver\common\windows\selenium-manager.exe --browser chrome --output json</msg>
<msg timestamp="20230810 15:50:28.117" level="WARN">Error getting version of chromedriver 115. Retrying with chromedriver 114 (attempt 1/5)</msg>
<status status="PASS" starttime="20230810 15:50:25.561" endtime="20230810 15:50:40.958"/>
</kw>
<kw name="Wait Until Element Is Visible" library="SeleniumLibrary">
<arg>${searchSubmitButton}</arg>
<arg>10s</arg>
<doc>Waits until the element ``locator`` is visible.</doc>
<status status="PASS" starttime="20230810 15:50:40.958" endtime="20230810 15:50:40.986"/>
</kw>
<kw name="Title Should Be" library="SeleniumLibrary">
<arg>Composant SEO Temporaire</arg>
<doc>Verifies that the current page title equals ``title``.</doc>
<msg timestamp="20230810 15:50:40.994" level="INFO">Page title is 'Composant SEO Temporaire'.</msg>
<status status="PASS" starttime="20230810 15:50:40.986" endtime="20230810 15:50:40.994"/>
</kw>
<status status="PASS" starttime="20230810 15:50:25.561" endtime="20230810 15:50:40.995"/>
</kw>
<kw name="Lanuch Jumbo Vehicule Search With Different Arrival Point" library="jumbo_keywords">
<arg>${depatureTime}</arg>
<arg>${arrivalTime}</arg>
<arg>${depatureIn}</arg>
<arg>${arrivalIn}</arg>
<arg>${selectedAge}</arg>
<arg>${testDepartureDestination}</arg>
<arg>${testArrivalDestination}</arg>
<kw name="Close Cookies" library="jumbo_keywords">
<kw name="Wait Until Element Is Visible" library="SeleniumLibrary">
<arg>${Cookies}</arg>
<arg>20s</arg>
<doc>Waits until the element ``locator`` is visible.</doc>
<status status="PASS" starttime="20230810 15:50:40.996" endtime="20230810 15:50:41.874"/>
</kw>
<kw name="Run Keyword And Return Status" library="BuiltIn">
<var>${isVisible}</var>
<arg>Element Should Be Visible</arg>
<arg>${closeCookies}</arg>
<doc>Runs the given keyword with given arguments and returns the status as a Boolean value.</doc>
<kw name="Element Should Be Visible" library="SeleniumLibrary">
<arg>${closeCookies}</arg>
<doc>Verifies that the element identified by ``locator`` is visible.</doc>
<msg timestamp="20230810 15:50:41.897" level="INFO">Element '//div[@data-service="cookies"]//span[text()="Continuer sans accepter"]' is displayed.</msg>
<status status="PASS" starttime="20230810 15:50:41.875" endtime="20230810 15:50:41.897"/>
</kw>
<msg timestamp="20230810 15:50:41.897" level="INFO">${isVisible} = True</msg>
<status status="PASS" starttime="20230810 15:50:41.875" endtime="20230810 15:50:41.897"/>
</kw>
<kw name="Sleep" library="BuiltIn">
<arg>1s</arg>
<doc>Pauses the test executed for the given time.</doc>
<msg timestamp="20230810 15:50:42.898" level="INFO">Slept 1 second</msg>
<status status="PASS" starttime="20230810 15:50:41.897" endtime="20230810 15:50:42.898"/>
</kw>
<kw name="Run Keyword If" library="BuiltIn">
<arg>${isVisible}</arg>
<arg>Click Element</arg>
<arg>${closeCookies}</arg>
<doc>Runs the given keyword with the given arguments, if ``condition`` is true.</doc>
<kw name="Click Element" library="SeleniumLibrary">
<arg>${closeCookies}</arg>
<doc>Click the element identified by ``locator``.</doc>
<msg timestamp="20230810 15:50:42.899" level="INFO">Clicking element '//div[@data-service="cookies"]//span[text()="Continuer sans accepter"]'.</msg>
<status status="PASS" starttime="20230810 15:50:42.898" endtime="20230810 15:50:42.976"/>
</kw>
<status status="PASS" starttime="20230810 15:50:42.898" endtime="20230810 15:50:42.976"/>
</kw>
<kw name="Wait Until Element Is Not Visible" library="SeleniumLibrary">
<arg>${cookies}</arg>
<arg>20s</arg>
<doc>Waits until the element ``locator`` is not visible.</doc>
<status status="PASS" starttime="20230810 15:50:42.976" endtime="20230810 15:50:43.419"/>
</kw>
<status status="PASS" starttime="20230810 15:50:40.996" endtime="20230810 15:50:43.419"/>
</kw>
<kw name="Verify Jumbo Homepage" library="jumbo_keywords">
<kw name="Verify Jumbo Homepage Search Module" library="jumbo_keywords">
<kw name="Element Should Be Visible" library="SeleniumLibrary">
<arg>${departurePointSelector}</arg>
<doc>Verifies that the element identified by ``locator`` is visible.</doc>
<msg timestamp="20230810 15:50:43.437" level="INFO">Element '//div[@aria-labelledby="search-form-agency-departure"]' is displayed.</msg>
<status status="PASS" starttime="20230810 15:50:43.420" endtime="20230810 15:50:43.437"/>
</kw>
<kw name="Element Should Be Visible" library="SeleniumLibrary">
<arg>${departureDateSelector}</arg>
<doc>Verifies that the element identified by ``locator`` is visible.</doc>
<msg timestamp="20230810 15:50:43.453" level="INFO">Element '//input[@id="search-form-date-departure"]' is displayed.</msg>
<status status="PASS" starttime="20230810 15:50:43.437" endtime="20230810 15:50:43.453"/>
</kw>
<kw name="Element Should Be Visible" library="SeleniumLibrary">
<arg>${arrivalDateSelector}</arg>
<doc>Verifies that the element identified by ``locator`` is visible.</doc>
<msg timestamp="20230810 15:50:43.467" level="INFO">Element '//input[@id="search-form-date-arrival"]' is displayed.</msg>
<status status="PASS" starttime="20230810 15:50:43.453" endtime="20230810 15:50:43.467"/>
</kw>
<kw name="Element Should Be Visible" library="SeleniumLibrary">
<arg>${departureTimeSelector}</arg>
<doc>Verifies that the element identified by ``locator`` is visible.</doc>
<msg timestamp="20230810 15:50:43.481" level="INFO">Element '//select[@name="hourDeparture"]' is displayed.</msg>
<status status="PASS" starttime="20230810 15:50:43.467" endtime="20230810 15:50:43.481"/>
</kw>
<kw name="Element Should Be Visible" library="SeleniumLibrary">
<arg>${arrivalTimeSelector}</arg>
<doc>Verifies that the element identified by ``locator`` is visible.</doc>
<msg timestamp="20230810 15:50:43.496" level="INFO">Element '//select[@name="hourArrival"]' is displayed.</msg>
<status status="PASS" starttime="20230810 15:50:43.481" endtime="20230810 15:50:43.497"/>
</kw>
<kw name="Element Should Be Visible" library="SeleniumLibrary">
<arg>${promoCodeInput}</arg>
<doc>Verifies that the element identified by ``locator`` is visible.</doc>
<msg timestamp="20230810 15:50:43.514" level="INFO">Element '//form[@id="search-form" and @action="#"]//input[@id="search-form-promo-code" and @placeholder="Code promo"]' is displayed.</msg>
<status status="PASS" starttime="20230810 15:50:43.497" endtime="20230810 15:50:43.514"/>
</kw>
<kw name="Element Should Be Visible" library="SeleniumLibrary">
<arg>${ageSelector}</arg>
<doc>Verifies that the element identified by ``locator`` is visible.</doc>
<msg timestamp="20230810 15:50:43.532" level="INFO">Element '//form[@id="search-form" and @action="#"]//select[@name="driverAge"]' is displayed.</msg>
<status status="PASS" starttime="20230810 15:50:43.514" endtime="20230810 15:50:43.532"/>
</kw>
<kw name="Element Should Be Visible" library="SeleniumLibrary">
<arg>${searchSubmitButton}</arg>
<doc>Verifies that the element identified by ``locator`` is visible.</doc>
<msg timestamp="20230810 15:50:43.547" level="INFO">Element '//form[@id="search-form" and @action="#"]//button' is displayed.</msg>
<status status="PASS" starttime="20230810 15:50:43.532" endtime="20230810 15:50:43.547"/>
</kw>
<status status="PASS" starttime="20230810 15:50:43.419" endtime="20230810 15:50:43.547"/>
</kw>
<kw name="Verify Jumbo Homepage Header" library="jumbo_keywords">
<kw name="Element Should Be Visible" library="SeleniumLibrary">
<arg>${headerContainer}</arg>
<doc>Verifies that the element identified by ``locator`` is visible.</doc>
<msg timestamp="20230810 15:50:43.567" level="INFO">Element '//header' is displayed.</msg>
<status status="PASS" starttime="20230810 15:50:43.547" endtime="20230810 15:50:43.567"/>
</kw>
<kw name="Element Should Be Visible" library="SeleniumLibrary">
<arg>${headerLogo}</arg>
<doc>Verifies that the element identified by ``locator`` is visible.</doc>
<msg timestamp="20230810 15:50:43.588" level="INFO">Element '//header//a//img[@alt="jumbocar quadri sans slog blanc-bleu"]' is displayed.</msg>
<status status="PASS" starttime="20230810 15:50:43.567" endtime="20230810 15:50:43.588"/>
</kw>
<kw name="Element Should Be Visible" library="SeleniumLibrary">
<arg>${faqLink}</arg>
<doc>Verifies that the element identified by ``locator`` is visible.</doc>
<msg timestamp="20230810 15:50:43.605" level="INFO">Element '(//header//ul)[1]/li[7]' is displayed.</msg>
<status status="PASS" starttime="20230810 15:50:43.588" endtime="20230810 15:50:43.605"/>
</kw>
<kw name="Element Should Be Visible" library="SeleniumLibrary">
<arg>${languageSelection}</arg>
<doc>Verifies that the element identified by ``locator`` is visible.</doc>
<msg timestamp="20230810 15:50:43.619" level="INFO">Element '(//header//ul)[2]/li/a' is displayed.</msg>
<status status="PASS" starttime="20230810 15:50:43.605" endtime="20230810 15:50:43.619"/>
</kw>
<status status="PASS" starttime="20230810 15:50:43.547" endtime="20230810 15:50:43.619"/>
</kw>
<kw name="Verify Jumbo Homepage Footer" library="jumbo_keywords">
<kw name="Element Should Be Visible" library="SeleniumLibrary">
<arg>${footerContainer}</arg>
<doc>Verifies that the element identified by ``locator`` is visible.</doc>
<msg timestamp="20230810 15:50:43.642" level="INFO">Element '//footer' is displayed.</msg>
<status status="PASS" starttime="20230810 15:50:43.620" endtime="20230810 15:50:43.643"/>
</kw>
<kw name="Element Should Be Visible" library="SeleniumLibrary">
<arg>${footerMenu1}</arg>
<doc>Verifies that the element identified by ``locator`` is visible.</doc>
<msg timestamp="20230810 15:50:43.661" level="INFO">Element '//footer/div/div/div/div[1]' is displayed.</msg>
<status status="PASS" starttime="20230810 15:50:43.643" endtime="20230810 15:50:43.661"/>
</kw>
<kw name="Element Should Be Visible" library="SeleniumLibrary">
<arg>${footerMenu2}</arg>
<doc>Verifies that the element identified by ``locator`` is visible.</doc>
<msg timestamp="20230810 15:50:43.676" level="INFO">Element '//footer/div/div/div/div[2]' is displayed.</msg>
<status status="PASS" starttime="20230810 15:50:43.661" endtime="20230810 15:50:43.676"/>
</kw>
<kw name="Element Should Be Visible" library="SeleniumLibrary">
<arg>${footerMenu3}</arg>
<doc>Verifies that the element identified by ``locator`` is visible.</doc>
<msg timestamp="20230810 15:50:43.691" level="INFO">Element '//footer/div/div/div/div[3]' is displayed.</msg>
<status status="PASS" starttime="20230810 15:50:43.676" endtime="20230810 15:50:43.691"/>
</kw>
<kw name="Element Should Be Visible" library="SeleniumLibrary">
<arg>${footerMenu4}</arg>
<doc>Verifies that the element identified by ``locator`` is visible.</doc>
<msg timestamp="20230810 15:50:43.706" level="INFO">Element '//footer/div/div/div/div[4]' is displayed.</msg>
<status status="PASS" starttime="20230810 15:50:43.691" endtime="20230810 15:50:43.707"/>
</kw>
<status status="PASS" starttime="20230810 15:50:43.619" endtime="20230810 15:50:43.707"/>
</kw>
<status status="PASS" starttime="20230810 15:50:43.419" endtime="20230810 15:50:43.707"/>
</kw>
<kw name="Choose Point" library="jumbo_keywords">
<arg>${testDepartureDestination}</arg>
<arg>${departurePointSelector}</arg>
<kw name="Element Should Be Visible" library="SeleniumLibrary">
<arg>${pointSelector}</arg>
<doc>Verifies that the element identified by ``locator`` is visible.</doc>
<msg timestamp="20230810 15:50:43.720" level="INFO">Element '//div[@aria-labelledby="search-form-agency-departure"]' is displayed.</msg>
<status status="PASS" starttime="20230810 15:50:43.707" endtime="20230810 15:50:43.720"/>
</kw>
<kw name="Click Element" library="SeleniumLibrary">
<arg>${pointSelector}</arg>
<doc>Click the element identified by ``locator``.</doc>
<msg timestamp="20230810 15:50:43.722" level="INFO">Clicking element '//div[@aria-labelledby="search-form-agency-departure"]'.</msg>
<status status="PASS" starttime="20230810 15:50:43.720" endtime="20230810 15:50:43.788"/>
</kw>
<kw name="Wait Until Element Is Visible" library="SeleniumLibrary">
<arg>//li[text()="${selectedPoint}"]</arg>
<arg>10s</arg>
<arg>L'option ${selectedPoint} ne s'affiche pas dans les options après 10 secondes</arg>
<doc>Waits until the element ``locator`` is visible.</doc>
<status status="PASS" starttime="20230810 15:50:43.788" endtime="20230810 15:50:43.814"/>
</kw>
<kw name="Click Element" library="SeleniumLibrary">
<arg>//li[text()="${selectedPoint}"]</arg>
<doc>Click the element identified by ``locator``.</doc>
<msg timestamp="20230810 15:50:43.815" level="INFO">Clicking element '//li[text()="Abymes - Aéroport Pôle Caraibes"]'.</msg>
<status status="PASS" starttime="20230810 15:50:43.814" endtime="20230810 15:50:43.861"/>
</kw>
<kw name="Sleep" library="BuiltIn">
<arg>0.5s</arg>
<doc>Pauses the test executed for the given time.</doc>
<msg timestamp="20230810 15:50:44.362" level="INFO">Slept 500 milliseconds</msg>
<status status="PASS" starttime="20230810 15:50:43.861" endtime="20230810 15:50:44.362"/>
</kw>
<kw name="Element Should Not Be Visible" library="SeleniumLibrary">
<arg>//li[text()="${selectedPoint}"]</arg>
<doc>Verifies that the element identified by ``locator`` is NOT visible.</doc>
<msg timestamp="20230810 15:50:44.382" level="INFO">Element '//li[text()="Abymes - Aéroport Pôle Caraibes"]' did not exist.</msg>
<status status="PASS" starttime="20230810 15:50:44.362" endtime="20230810 15:50:44.382"/>
</kw>
<kw name="Get Text" library="SeleniumLibrary">
<var>${element_text}</var>
<arg>${pointSelector}</arg>
<doc>Returns the text value of the element identified by ``locator``.</doc>
<msg timestamp="20230810 15:50:44.412" level="INFO">${element_text} = Abymes - Aéroport Pôle Caraibes</msg>
<status status="PASS" starttime="20230810 15:50:44.383" endtime="20230810 15:50:44.412"/>
</kw>
<kw name="Should Be Equal" library="BuiltIn">
<arg>${element_text}</arg>
<arg>${selectedPoint}</arg>
<doc>Fails if the given objects are unequal.</doc>
<status status="PASS" starttime="20230810 15:50:44.412" endtime="20230810 15:50:44.412"/>
</kw>
<status status="PASS" starttime="20230810 15:50:43.707" endtime="20230810 15:50:44.412"/>
</kw>
<kw name="Activate Seperate Arrival Point" library="jumbo_keywords">
<kw name="Element Should Not Be Visible" library="SeleniumLibrary">
<arg>${arrivalPointSelector}</arg>
<doc>Verifies that the element identified by ``locator`` is NOT visible.</doc>
<msg timestamp="20230810 15:50:44.435" level="INFO">Element '//div[@aria-labelledby="search-form-agency-arrival"]' exists but is not displayed.</msg>
<status status="PASS" starttime="20230810 15:50:44.413" endtime="20230810 15:50:44.435"/>
</kw>
<kw name="Mouse Over" library="SeleniumLibrary">
<arg>${checkboxSeperatePoints}</arg>
<doc>Simulates hovering the mouse over the element ``locator``.</doc>
<msg timestamp="20230810 15:50:44.436" level="INFO">Simulating Mouse Over on element '//form[@id="search-form" and @action="#"]//input[@type="checkbox"]'.</msg>
<status status="PASS" starttime="20230810 15:50:44.435" endtime="20230810 15:50:44.738"/>
</kw>
<kw name="Click Element" library="SeleniumLibrary">
<arg>${checkboxSeperatePoints}</arg>
<doc>Click the element identified by ``locator``.</doc>
<msg timestamp="20230810 15:50:44.740" level="INFO">Clicking element '//form[@id="search-form" and @action="#"]//input[@type="checkbox"]'.</msg>
<status status="PASS" starttime="20230810 15:50:44.739" endtime="20230810 15:50:44.850"/>
</kw>
<kw name="Sleep" library="BuiltIn">
<arg>1s</arg>
<doc>Pauses the test executed for the given time.</doc>
<msg timestamp="20230810 15:50:45.850" level="INFO">Slept 1 second</msg>
<status status="PASS" starttime="20230810 15:50:44.850" endtime="20230810 15:50:45.850"/>
</kw>
<kw name="Element Should Be Visible" library="SeleniumLibrary">
<arg>${arrivalPointSelector}</arg>
<doc>Verifies that the element identified by ``locator`` is visible.</doc>
<msg timestamp="20230810 15:50:45.876" level="INFO">Element '//div[@aria-labelledby="search-form-agency-arrival"]' is displayed.</msg>
<status status="PASS" starttime="20230810 15:50:45.850" endtime="20230810 15:50:45.876"/>
</kw>
<status status="PASS" starttime="20230810 15:50:44.412" endtime="20230810 15:50:45.876"/>
</kw>
<kw name="Choose Point" library="jumbo_keywords">
<arg>${testArrivalDestination}</arg>
<arg>${arrivalPointSelector}</arg>
<kw name="Element Should Be Visible" library="SeleniumLibrary">
<arg>${pointSelector}</arg>
<doc>Verifies that the element identified by ``locator`` is visible.</doc>
<msg timestamp="20230810 15:50:45.900" level="INFO">Element '//div[@aria-labelledby="search-form-agency-arrival"]' is displayed.</msg>
<status status="PASS" starttime="20230810 15:50:45.876" endtime="20230810 15:50:45.900"/>
</kw>
<kw name="Click Element" library="SeleniumLibrary">
<arg>${pointSelector}</arg>
<doc>Click the element identified by ``locator``.</doc>
<msg timestamp="20230810 15:50:45.901" level="INFO">Clicking element '//div[@aria-labelledby="search-form-agency-arrival"]'.</msg>
<status status="PASS" starttime="20230810 15:50:45.901" endtime="20230810 15:50:45.995"/>
</kw>
<kw name="Wait Until Element Is Visible" library="SeleniumLibrary">
<arg>//li[text()="${selectedPoint}"]</arg>
<arg>10s</arg>
<arg>L'option ${selectedPoint} ne s'affiche pas dans les options après 10 secondes</arg>
<doc>Waits until the element ``locator`` is visible.</doc>
<status status="PASS" starttime="20230810 15:50:45.995" endtime="20230810 15:50:46.021"/>
</kw>
<kw name="Click Element" library="SeleniumLibrary">
<arg>//li[text()="${selectedPoint}"]</arg>
<doc>Click the element identified by ``locator``.</doc>
<msg timestamp="20230810 15:50:46.022" level="INFO">Clicking element '//li[text()="Gourbeyre - Basse Terre"]'.</msg>
<status status="PASS" starttime="20230810 15:50:46.021" endtime="20230810 15:50:46.129"/>
</kw>
<kw name="Sleep" library="BuiltIn">
<arg>0.5s</arg>
<doc>Pauses the test executed for the given time.</doc>
<msg timestamp="20230810 15:50:46.630" level="INFO">Slept 500 milliseconds</msg>
<status status="PASS" starttime="20230810 15:50:46.129" endtime="20230810 15:50:46.631"/>
</kw>
<kw name="Element Should Not Be Visible" library="SeleniumLibrary">
<arg>//li[text()="${selectedPoint}"]</arg>
<doc>Verifies that the element identified by ``locator`` is NOT visible.</doc>
<msg timestamp="20230810 15:50:46.645" level="INFO">Element '//li[text()="Gourbeyre - Basse Terre"]' did not exist.</msg>
<status status="PASS" starttime="20230810 15:50:46.631" endtime="20230810 15:50:46.645"/>
</kw>
<kw name="Get Text" library="SeleniumLibrary">
<var>${element_text}</var>
<arg>${pointSelector}</arg>
<doc>Returns the text value of the element identified by ``locator``.</doc>
<msg timestamp="20230810 15:50:46.670" level="INFO">${element_text} = Gourbeyre - Basse Terre</msg>
<status status="PASS" starttime="20230810 15:50:46.645" endtime="20230810 15:50:46.670"/>
</kw>
<kw name="Should Be Equal" library="BuiltIn">
<arg>${element_text}</arg>
<arg>${selectedPoint}</arg>
<doc>Fails if the given objects are unequal.</doc>
<status status="PASS" starttime="20230810 15:50:46.670" endtime="20230810 15:50:46.670"/>
</kw>
<status status="PASS" starttime="20230810 15:50:45.876" endtime="20230810 15:50:46.670"/>
</kw>
<kw name="Choose Date" library="jumbo_keywords">
<arg>${depatureIn}</arg>
<arg>${departureDateSelector}</arg>
<kw name="Get Formatted Date" library="commun_keywords">
<var>${date}</var>
<arg>${numberOfDays}</arg>
<kw name="Get Current Date" library="DateTime">
<var>${currentDate}</var>
<doc>Returns current local or UTC time with an optional increment.</doc>
<msg timestamp="20230810 15:50:46.671" level="INFO">${currentDate} = 2023-08-10 15:50:46.671</msg>
<status status="PASS" starttime="20230810 15:50:46.671" endtime="20230810 15:50:46.671"/>
</kw>
<kw name="Add Time To Date" library="DateTime">
<var>${resultDate}</var>
<arg>${current_date}</arg>
<arg>${numberOfDays} days</arg>
<arg>result_format=%d</arg>
<doc>Adds time to date and returns the resulting date.</doc>
<msg timestamp="20230810 15:50:46.674" level="INFO">${resultDate} = 01</msg>
<status status="PASS" starttime="20230810 15:50:46.671" endtime="20230810 15:50:46.674"/>
</kw>
<kw name="Run Keyword If" library="BuiltIn">
<arg>"${resultDate}"[0] == "0"</arg>
<arg>Return From Keyword</arg>
<arg>${resultDate}[1:]</arg>
<doc>Runs the given keyword with the given arguments, if ``condition`` is true.</doc>
<kw name="Return From Keyword" library="BuiltIn">
<arg>${resultDate}[1:]</arg>
<doc>Returns from the enclosing user keyword.</doc>
<msg timestamp="20230810 15:50:46.676" level="INFO">Returning from the enclosing user keyword.</msg>
<status status="PASS" starttime="20230810 15:50:46.675" endtime="20230810 15:50:46.676"/>
</kw>
<status status="PASS" starttime="20230810 15:50:46.675" endtime="20230810 15:50:46.676"/>
</kw>
<msg timestamp="20230810 15:50:46.676" level="INFO">${date} = 1</msg>
<status status="PASS" starttime="20230810 15:50:46.671" endtime="20230810 15:50:46.676"/>
</kw>
<kw name="Element Should Be Visible" library="SeleniumLibrary">
<arg>${locator}</arg>
<doc>Verifies that the element identified by ``locator`` is visible.</doc>
<msg timestamp="20230810 15:50:46.698" level="INFO">Element '//input[@id="search-form-date-departure"]' is displayed.</msg>
<status status="PASS" starttime="20230810 15:50:46.676" endtime="20230810 15:50:46.698"/>
</kw>
<kw name="Scroll Element Into View" library="SeleniumLibrary">
<arg>//a[text()="Plus de détails"]</arg>
<doc>Scrolls the element identified by ``locator`` into view.</doc>
<status status="PASS" starttime="20230810 15:50:46.698" endtime="20230810 15:50:47.004"/>
</kw>
<kw name="Click Element" library="SeleniumLibrary">
<arg>${locator}</arg>
<doc>Click the element identified by ``locator``.</doc>
<msg timestamp="20230810 15:50:47.007" level="INFO">Clicking element '//input[@id="search-form-date-departure"]'.</msg>
<status status="PASS" starttime="20230810 15:50:47.004" endtime="20230810 15:50:47.162"/>
</kw>
<kw name="Wait Until Element Is Visible" library="SeleniumLibrary">
<arg>${selectionCalendar}</arg>
<arg>3s</arg>
<arg>L'élément selectionCalendar n'est pas visible après 3 secondes</arg>
<doc>Waits until the element ``locator`` is visible.</doc>
<status status="PASS" starttime="20230810 15:50:47.162" endtime="20230810 15:50:48.303"/>
</kw>
<kw name="Sleep" library="BuiltIn">
<arg>1s</arg>
<doc>Pauses the test executed for the given time.</doc>
<msg timestamp="20230810 15:50:49.303" level="INFO">Slept 1 second</msg>
<status status="PASS" starttime="20230810 15:50:48.303" endtime="20230810 15:50:49.303"/>
</kw>
<kw name="Click Element" library="SeleniumLibrary">
<arg>(${selectionCalendar}//div[@data-visible="true"]//td[@aria-disabled="false" and text()="${date}"])[1]</arg>
<doc>Click the element identified by ``locator``.</doc>
<msg timestamp="20230810 15:50:49.303" level="INFO">Clicking element '(//div[@aria-roledescription="datepicker" and @aria-label="Calendar"]//div[@data-visible="true"]//td[@aria-disabled="false" and text()="1"])[1]'.</msg>
<status status="PASS" starttime="20230810 15:50:49.303" endtime="20230810 15:50:49.394"/>
</kw>
<kw name="Run Keyword And Return Status" library="BuiltIn">
<var>${is_visible}</var>
<arg>Element Should Be Visible</arg>
<arg>//div[@role="presentation"]</arg>
<doc>Runs the given keyword with given arguments and returns the status as a Boolean value.</doc>
<kw name="Element Should Be Visible" library="SeleniumLibrary">
<arg>//div[@role="presentation"]</arg>
<doc>Verifies that the element identified by ``locator`` is visible.</doc>
<msg timestamp="20230810 15:50:49.412" level="INFO">Element '//div[@role="presentation"]' is displayed.</msg>
<status status="PASS" starttime="20230810 15:50:49.395" endtime="20230810 15:50:49.412"/>
</kw>
<msg timestamp="20230810 15:50:49.412" level="INFO">${is_visible} = True</msg>
<status status="PASS" starttime="20230810 15:50:49.394" endtime="20230810 15:50:49.412"/>
</kw>
<kw name="Run Keyword If" library="BuiltIn">
<arg>${is_visible}</arg>
<arg>Click Element</arg>
<arg>//div[@role="presentation"]</arg>
<doc>Runs the given keyword with the given arguments, if ``condition`` is true.</doc>
<kw name="Click Element" library="SeleniumLibrary">
<arg>//div[@role="presentation"]</arg>
<doc>Click the element identified by ``locator``.</doc>
<msg timestamp="20230810 15:50:49.413" level="INFO">Clicking element '//div[@role="presentation"]'.</msg>
<status status="PASS" starttime="20230810 15:50:49.412" endtime="20230810 15:50:49.460"/>
</kw>
<status status="PASS" starttime="20230810 15:50:49.412" endtime="20230810 15:50:49.461"/>
</kw>
<status status="PASS" starttime="20230810 15:50:46.670" endtime="20230810 15:50:49.461"/>
</kw>
<kw name="Choose Date" library="jumbo_keywords">
<arg>${arrivalIn}</arg>
<arg>${arrivalDateSelector}</arg>
<kw name="Get Formatted Date" library="commun_keywords">
<var>${date}</var>
<arg>${numberOfDays}</arg>
<kw name="Get Current Date" library="DateTime">
<var>${currentDate}</var>
<doc>Returns current local or UTC time with an optional increment.</doc>
<msg timestamp="20230810 15:50:49.461" level="INFO">${currentDate} = 2023-08-10 15:50:49.461</msg>
<status status="PASS" starttime="20230810 15:50:49.461" endtime="20230810 15:50:49.461"/>
</kw>
<kw name="Add Time To Date" library="DateTime">
<var>${resultDate}</var>
<arg>${current_date}</arg>
<arg>${numberOfDays} days</arg>
<arg>result_format=%d</arg>
<doc>Adds time to date and returns the resulting date.</doc>
<msg timestamp="20230810 15:50:49.461" level="INFO">${resultDate} = 02</msg>
<status status="PASS" starttime="20230810 15:50:49.461" endtime="20230810 15:50:49.462"/>
</kw>
<kw name="Run Keyword If" library="BuiltIn">
<arg>"${resultDate}"[0] == "0"</arg>
<arg>Return From Keyword</arg>
<arg>${resultDate}[1:]</arg>
<doc>Runs the given keyword with the given arguments, if ``condition`` is true.</doc>
<kw name="Return From Keyword" library="BuiltIn">
<arg>${resultDate}[1:]</arg>
<doc>Returns from the enclosing user keyword.</doc>
<msg timestamp="20230810 15:50:49.462" level="INFO">Returning from the enclosing user keyword.</msg>
<status status="PASS" starttime="20230810 15:50:49.462" endtime="20230810 15:50:49.462"/>
</kw>
<status status="PASS" starttime="20230810 15:50:49.462" endtime="20230810 15:50:49.462"/>
</kw>
<msg timestamp="20230810 15:50:49.462" level="INFO">${date} = 2</msg>
<status status="PASS" starttime="20230810 15:50:49.461" endtime="20230810 15:50:49.462"/>
</kw>
<kw name="Element Should Be Visible" library="SeleniumLibrary">
<arg>${locator}</arg>
<doc>Verifies that the element identified by ``locator`` is visible.</doc>
<msg timestamp="20230810 15:50:49.479" level="INFO">Element '//input[@id="search-form-date-arrival"]' is displayed.</msg>
<status status="PASS" starttime="20230810 15:50:49.462" endtime="20230810 15:50:49.479"/>
</kw>
<kw name="Scroll Element Into View" library="SeleniumLibrary">
<arg>//a[text()="Plus de détails"]</arg>
<doc>Scrolls the element identified by ``locator`` into view.</doc>
<status status="PASS" starttime="20230810 15:50:49.479" endtime="20230810 15:50:49.772"/>
</kw>
<kw name="Click Element" library="SeleniumLibrary">
<arg>${locator}</arg>
<doc>Click the element identified by ``locator``.</doc>
<msg timestamp="20230810 15:50:49.773" level="INFO">Clicking element '//input[@id="search-form-date-arrival"]'.</msg>
<status status="PASS" starttime="20230810 15:50:49.773" endtime="20230810 15:50:49.882"/>
</kw>
<kw name="Wait Until Element Is Visible" library="SeleniumLibrary">
<arg>${selectionCalendar}</arg>
<arg>3s</arg>
<arg>L'élément selectionCalendar n'est pas visible après 3 secondes</arg>
<doc>Waits until the element ``locator`` is visible.</doc>
<status status="PASS" starttime="20230810 15:50:49.882" endtime="20230810 15:50:49.902"/>
</kw>
<kw name="Sleep" library="BuiltIn">
<arg>1s</arg>
<doc>Pauses the test executed for the given time.</doc>
<msg timestamp="20230810 15:50:50.903" level="INFO">Slept 1 second</msg>
<status status="PASS" starttime="20230810 15:50:49.903" endtime="20230810 15:50:50.903"/>
</kw>
<kw name="Click Element" library="SeleniumLibrary">
<arg>(${selectionCalendar}//div[@data-visible="true"]//td[@aria-disabled="false" and text()="${date}"])[1]</arg>
<doc>Click the element identified by ``locator``.</doc>
<msg timestamp="20230810 15:50:50.904" level="INFO">Clicking element '(//div[@aria-roledescription="datepicker" and @aria-label="Calendar"]//div[@data-visible="true"]//td[@aria-disabled="false" and text()="2"])[1]'.</msg>
<status status="PASS" starttime="20230810 15:50:50.903" endtime="20230810 15:50:50.984"/>
</kw>
<kw name="Run Keyword And Return Status" library="BuiltIn">
<var>${is_visible}</var>
<arg>Element Should Be Visible</arg>
<arg>//div[@role="presentation"]</arg>
<doc>Runs the given keyword with given arguments and returns the status as a Boolean value.</doc>
<kw name="Element Should Be Visible" library="SeleniumLibrary">
<arg>//div[@role="presentation"]</arg>
<doc>Verifies that the element identified by ``locator`` is visible.</doc>
<msg timestamp="20230810 15:50:51.313" level="INFO" html="true">&lt;/td&gt;&lt;/tr&gt;&lt;tr&gt;&lt;td colspan="3"&gt;&lt;a href="selenium-screenshot-64.png"&gt;&lt;img src="selenium-screenshot-64.png" width="800px"&gt;&lt;/a&gt;</msg>
<msg timestamp="20230810 15:50:51.313" level="FAIL">Element with locator '//div[@role="presentation"]' not found.</msg>
<status status="FAIL" starttime="20230810 15:50:50.984" endtime="20230810 15:50:51.320"/>
</kw>
<msg timestamp="20230810 15:50:51.320" level="INFO">${is_visible} = False</msg>
<status status="PASS" starttime="20230810 15:50:50.984" endtime="20230810 15:50:51.320"/>
</kw>
<kw name="Run Keyword If" library="BuiltIn">
<arg>${is_visible}</arg>
<arg>Click Element</arg>
<arg>//div[@role="presentation"]</arg>
<doc>Runs the given keyword with the given arguments, if ``condition`` is true.</doc>
<status status="PASS" starttime="20230810 15:50:51.321" endtime="20230810 15:50:51.321"/>
</kw>
<status status="PASS" starttime="20230810 15:50:49.461" endtime="20230810 15:50:51.321"/>
</kw>
<kw name="Sleep" library="BuiltIn">
<arg>0.25s</arg>
<doc>Pauses the test executed for the given time.</doc>
<msg timestamp="20230810 15:50:51.571" level="INFO">Slept 250 milliseconds</msg>
<status status="PASS" starttime="20230810 15:50:51.321" endtime="20230810 15:50:51.571"/>
</kw>
<kw name="Choose Time" library="jumbo_keywords">
<arg>${depatureTime}</arg>
<arg>${departureTimeSelector}</arg>
<kw name="Click Element" library="SeleniumLibrary">
<arg>${locator}</arg>
<doc>Click the element identified by ``locator``.</doc>
<msg timestamp="20230810 15:50:51.572" level="INFO">Clicking element '//select[@name="hourDeparture"]'.</msg>
<status status="PASS" starttime="20230810 15:50:51.571" endtime="20230810 15:50:51.626"/>
</kw>
<kw name="Convert Time To Seconds" library="commun_keywords">
<var>${value}</var>
<arg>${time}</arg>
<kw name="Evaluate" library="BuiltIn">
<var>${hours}</var>
<arg>int("${time[:2]}")</arg>
<doc>Evaluates the given expression in Python and returns the result.</doc>
<msg timestamp="20230810 15:50:51.628" level="INFO">${hours} = 9</msg>
<status status="PASS" starttime="20230810 15:50:51.627" endtime="20230810 15:50:51.628"/>
</kw>
<kw name="Evaluate" library="BuiltIn">
<var>${minutes}</var>
<arg>int("${time[3:]}")</arg>
<doc>Evaluates the given expression in Python and returns the result.</doc>
<msg timestamp="20230810 15:50:51.629" level="INFO">${minutes} = 30</msg>
<status status="PASS" starttime="20230810 15:50:51.629" endtime="20230810 15:50:51.629"/>
</kw>
<kw name="Evaluate" library="BuiltIn">
<var>${total_seconds}</var>
<arg>${hours} * 3600 + ${minutes} * 60</arg>
<doc>Evaluates the given expression in Python and returns the result.</doc>
<msg timestamp="20230810 15:50:51.630" level="INFO">${total_seconds} = 34200</msg>
<status status="PASS" starttime="20230810 15:50:51.630" endtime="20230810 15:50:51.630"/>
</kw>
<msg timestamp="20230810 15:50:51.631" level="INFO">${value} = 34200</msg>
<status status="PASS" starttime="20230810 15:50:51.626" endtime="20230810 15:50:51.631"/>
</kw>
<kw name="Select From List By Value" library="SeleniumLibrary">
<arg>${locator}</arg>
<arg>${value}</arg>
<doc>Selects options from selection list ``locator`` by ``values``.</doc>
<msg timestamp="20230810 15:50:51.632" level="INFO">Selecting options from selection list '//select[@name="hourDeparture"]' by value 34200.</msg>
<status status="PASS" starttime="20230810 15:50:51.631" endtime="20230810 15:50:51.720"/>
</kw>
<kw name="Verify Option Selection" library="jumbo_keywords">
<arg>${locator}</arg>
<arg>${value}</arg>
<kw name="Get Selected List Value" library="SeleniumLibrary">
<var>${selected_value}</var>
<arg>${locator}</arg>
<doc>Returns the value of selected option from selection list ``locator``.</doc>
<msg timestamp="20230810 15:50:51.785" level="INFO">${selected_value} = 34200</msg>
<status status="PASS" starttime="20230810 15:50:51.720" endtime="20230810 15:50:51.785"/>
</kw>
<kw name="Convert To Integer" library="BuiltIn">
<var>${selected_value}</var>
<arg>${selected_value}</arg>
<doc>Converts the given item to an integer number.</doc>
<msg timestamp="20230810 15:50:51.786" level="INFO">${selected_value} = 34200</msg>
<status status="PASS" starttime="20230810 15:50:51.786" endtime="20230810 15:50:51.786"/>
</kw>
<kw name="Should Be Equal" library="BuiltIn">
<arg>${selected_value}</arg>
<arg>${value}</arg>
<doc>Fails if the given objects are unequal.</doc>
<status status="PASS" starttime="20230810 15:50:51.786" endtime="20230810 15:50:51.786"/>
</kw>
<status status="PASS" starttime="20230810 15:50:51.720" endtime="20230810 15:50:51.786"/>
</kw>
<status status="PASS" starttime="20230810 15:50:51.571" endtime="20230810 15:50:51.786"/>
</kw>
<kw name="Choose Time" library="jumbo_keywords">
<arg>${arrivalTime}</arg>
<arg>${arrivalTimeSelector}</arg>
<kw name="Click Element" library="SeleniumLibrary">
<arg>${locator}</arg>
<doc>Click the element identified by ``locator``.</doc>
<msg timestamp="20230810 15:50:51.787" level="INFO">Clicking element '//select[@name="hourArrival"]'.</msg>
<status status="PASS" starttime="20230810 15:50:51.787" endtime="20230810 15:50:51.841"/>
</kw>
<kw name="Convert Time To Seconds" library="commun_keywords">
<var>${value}</var>
<arg>${time}</arg>
<kw name="Evaluate" library="BuiltIn">
<var>${hours}</var>
<arg>int("${time[:2]}")</arg>
<doc>Evaluates the given expression in Python and returns the result.</doc>
<msg timestamp="20230810 15:50:51.844" level="INFO">${hours} = 14</msg>
<status status="PASS" starttime="20230810 15:50:51.842" endtime="20230810 15:50:51.844"/>
</kw>
<kw name="Evaluate" library="BuiltIn">
<var>${minutes}</var>
<arg>int("${time[3:]}")</arg>
<doc>Evaluates the given expression in Python and returns the result.</doc>
<msg timestamp="20230810 15:50:51.845" level="INFO">${minutes} = 30</msg>
<status status="PASS" starttime="20230810 15:50:51.844" endtime="20230810 15:50:51.845"/>
</kw>
<kw name="Evaluate" library="BuiltIn">
<var>${total_seconds}</var>
<arg>${hours} * 3600 + ${minutes} * 60</arg>
<doc>Evaluates the given expression in Python and returns the result.</doc>
<msg timestamp="20230810 15:50:51.845" level="INFO">${total_seconds} = 52200</msg>
<status status="PASS" starttime="20230810 15:50:51.845" endtime="20230810 15:50:51.845"/>
</kw>
<msg timestamp="20230810 15:50:51.845" level="INFO">${value} = 52200</msg>
<status status="PASS" starttime="20230810 15:50:51.841" endtime="20230810 15:50:51.845"/>
</kw>
<kw name="Select From List By Value" library="SeleniumLibrary">
<arg>${locator}</arg>
<arg>${value}</arg>
<doc>Selects options from selection list ``locator`` by ``values``.</doc>
<msg timestamp="20230810 15:50:51.847" level="INFO">Selecting options from selection list '//select[@name="hourArrival"]' by value 52200.</msg>
<status status="PASS" starttime="20230810 15:50:51.845" endtime="20230810 15:50:51.946"/>
</kw>
<kw name="Verify Option Selection" library="jumbo_keywords">
<arg>${locator}</arg>
<arg>${value}</arg>
<kw name="Get Selected List Value" library="SeleniumLibrary">
<var>${selected_value}</var>
<arg>${locator}</arg>
<doc>Returns the value of selected option from selection list ``locator``.</doc>
<msg timestamp="20230810 15:50:52.046" level="INFO">${selected_value} = 52200</msg>
<status status="PASS" starttime="20230810 15:50:51.946" endtime="20230810 15:50:52.046"/>
</kw>
<kw name="Convert To Integer" library="BuiltIn">
<var>${selected_value}</var>
<arg>${selected_value}</arg>
<doc>Converts the given item to an integer number.</doc>
<msg timestamp="20230810 15:50:52.048" level="INFO">${selected_value} = 52200</msg>
<status status="PASS" starttime="20230810 15:50:52.046" endtime="20230810 15:50:52.048"/>
</kw>
<kw name="Should Be Equal" library="BuiltIn">
<arg>${selected_value}</arg>
<arg>${value}</arg>
<doc>Fails if the given objects are unequal.</doc>
<status status="PASS" starttime="20230810 15:50:52.048" endtime="20230810 15:50:52.048"/>
</kw>
<status status="PASS" starttime="20230810 15:50:51.946" endtime="20230810 15:50:52.048"/>
</kw>
<status status="PASS" starttime="20230810 15:50:51.786" endtime="20230810 15:50:52.048"/>
</kw>
<kw name="Sleep" library="BuiltIn">
<arg>0.25s</arg>
<doc>Pauses the test executed for the given time.</doc>
<msg timestamp="20230810 15:50:52.298" level="INFO">Slept 250 milliseconds</msg>
<status status="PASS" starttime="20230810 15:50:52.048" endtime="20230810 15:50:52.298"/>
</kw>
<kw name="Choose Age" library="jumbo_keywords">
<arg>${ageSelector}</arg>
<arg>${selectedAge}</arg>
<kw name="Click Element" library="SeleniumLibrary">
<arg>${locator}</arg>
<doc>Click the element identified by ``locator``.</doc>
<msg timestamp="20230810 15:50:52.298" level="INFO">Clicking element '//form[@id="search-form" and @action="#"]//select[@name="driverAge"]'.</msg>
<status status="PASS" starttime="20230810 15:50:52.298" endtime="20230810 15:50:52.365"/>
</kw>
<kw name="Get Converted Age Value" library="commun_keywords">
<var>${age_value}</var>
<arg>${age}</arg>
<kw name="Run Keyword If" library="BuiltIn">
<arg>'${age}' &lt;= '20'</arg>
<arg>Return From Keyword</arg>
<arg>53</arg>
<arg>ELSE IF</arg>
<arg>'${age}' &gt;= '26'</arg>
<arg>Return From Keyword</arg>
<arg>59</arg>
<arg>ELSE</arg>
<arg>Return From Keyword</arg>
<arg>${age} + 33</arg>
<doc>Runs the given keyword with the given arguments, if ``condition`` is true.</doc>
<kw name="Return From Keyword" library="BuiltIn">
<arg>59</arg>
<doc>Returns from the enclosing user keyword.</doc>
<msg timestamp="20230810 15:50:52.368" level="INFO">Returning from the enclosing user keyword.</msg>
<status status="PASS" starttime="20230810 15:50:52.367" endtime="20230810 15:50:52.368"/>
</kw>
<status status="PASS" starttime="20230810 15:50:52.367" endtime="20230810 15:50:52.368"/>
</kw>
<msg timestamp="20230810 15:50:52.368" level="INFO">${age_value} = 59</msg>
<status status="PASS" starttime="20230810 15:50:52.365" endtime="20230810 15:50:52.368"/>
</kw>
<kw name="Select From List By Value" library="SeleniumLibrary">
<arg>${locator}</arg>
<arg>${age_value}</arg>
<doc>Selects options from selection list ``locator`` by ``values``.</doc>
<msg timestamp="20230810 15:50:52.369" level="INFO">Selecting options from selection list '//form[@id="search-form" and @action="#"]//select[@name="driverAge"]' by value 59.</msg>
<status status="PASS" starttime="20230810 15:50:52.368" endtime="20230810 15:50:52.403"/>
</kw>
<kw name="Get Selected List Value" library="SeleniumLibrary">
<var>${selected_value}</var>
<arg>${locator}</arg>
<doc>Returns the value of selected option from selection list ``locator``.</doc>
<msg timestamp="20230810 15:50:52.482" level="INFO">${selected_value} = 59</msg>
<status status="PASS" starttime="20230810 15:50:52.403" endtime="20230810 15:50:52.482"/>
</kw>
<kw name="Should Be Equal" library="BuiltIn">
<arg>${selected_value}</arg>
<arg>${age_value}</arg>
<doc>Fails if the given objects are unequal.</doc>
<status status="PASS" starttime="20230810 15:50:52.482" endtime="20230810 15:50:52.482"/>
</kw>
<status status="PASS" starttime="20230810 15:50:52.298" endtime="20230810 15:50:52.482"/>
</kw>
<kw name="Click Submit Button" library="commun_keywords">
<arg>${searchSubmitButton}</arg>
<kw name="Wait Until Element Is Visible" library="SeleniumLibrary">
<arg>${locator}</arg>
<doc>Waits until the element ``locator`` is visible.</doc>
<status status="PASS" starttime="20230810 15:50:52.483" endtime="20230810 15:50:52.498"/>
</kw>
<kw name="Run Keywords" library="BuiltIn">
<arg>Mouse Over</arg>
<arg>${locator}</arg>
<arg>AND</arg>
<arg>Click Element</arg>
<arg>${locator}</arg>
<doc>Executes all the given keywords in a sequence.</doc>
<kw name="Mouse Over" library="SeleniumLibrary">
<arg>${locator}</arg>
<doc>Simulates hovering the mouse over the element ``locator``.</doc>
<msg timestamp="20230810 15:50:52.499" level="INFO">Simulating Mouse Over on element '//form[@id="search-form" and @action="#"]//button'.</msg>
<status status="PASS" starttime="20230810 15:50:52.498" endtime="20230810 15:50:52.786"/>
</kw>
<kw name="Click Element" library="SeleniumLibrary">
<arg>${locator}</arg>
<doc>Click the element identified by ``locator``.</doc>
<msg timestamp="20230810 15:50:52.787" level="INFO">Clicking element '//form[@id="search-form" and @action="#"]//button'.</msg>
<status status="PASS" starttime="20230810 15:50:52.786" endtime="20230810 15:50:52.899"/>
</kw>
<status status="PASS" starttime="20230810 15:50:52.498" endtime="20230810 15:50:52.899"/>
</kw>
<status status="PASS" starttime="20230810 15:50:52.482" endtime="20230810 15:50:52.899"/>
</kw>
<kw name="Wait Until Element Is Visible" library="SeleniumLibrary">
<arg>//select/option[@value="asc" and text()="Prix Croissant"]</arg>
<arg>20s</arg>
<arg>Le choix de véhicule n'est pas visible après 20 secondes</arg>
<doc>Waits until the element ``locator`` is visible.</doc>
<status status="PASS" starttime="20230810 15:50:52.899" endtime="20230810 15:51:01.270"/>
</kw>
<kw name="Verify Summary Band" library="jumbo_keywords">
<arg>3</arg>
<kw name="Wait Until Element Is Visible" library="SeleniumLibrary">
<arg>${step_band}</arg>
<doc>Waits until the element ``locator`` is visible.</doc>
<status status="PASS" starttime="20230810 15:51:01.270" endtime="20230810 15:51:01.293"/>
</kw>
<kw name="Get Element Count" library="SeleniumLibrary">
<var>${band_length}</var>
<arg>${step_band_steps}</arg>
<doc>Returns the number of elements matching ``locator``.</doc>
<msg timestamp="20230810 15:51:01.308" level="INFO">${band_length} = 3</msg>
<status status="PASS" starttime="20230810 15:51:01.293" endtime="20230810 15:51:01.308"/>
</kw>
<kw name="Should Be Equal As Integers" library="BuiltIn">
<arg>${band_length}</arg>
<arg>${expected_length}</arg>
<doc>Fails if objects are unequal after converting them to integers.</doc>
<msg timestamp="20230810 15:51:01.309" level="INFO">Argument types are:
&lt;class 'int'&gt;
&lt;class 'str'&gt;</msg>
<status status="PASS" starttime="20230810 15:51:01.308" endtime="20230810 15:51:01.309"/>
</kw>
<status status="PASS" starttime="20230810 15:51:01.270" endtime="20230810 15:51:01.309"/>
</kw>
<kw name="Verify Submited Informations" library="jumbo_keywords">
<arg>${depatureTime}</arg>
<arg>${arrivalTime}</arg>
<arg>${depatureIn}</arg>
<arg>${arrivalIn}</arg>
<arg>${selectedAge}</arg>
<arg>${testDepartureDestination}</arg>
<arg>${testArrivalDestination}</arg>
<kw name="Get Text" library="SeleniumLibrary">
<var>${submited_departure_point}</var>
<arg>//div[@id="search-form-agency-departure" and @aria-labelledby="search-form-agency-departure"]</arg>
<doc>Returns the text value of the element identified by ``locator``.</doc>
<msg timestamp="20230810 15:51:01.749" level="INFO">${submited_departure_point} = Abymes - Aéroport Pôle Caraibes</msg>
<status status="PASS" starttime="20230810 15:51:01.310" endtime="20230810 15:51:01.749"/>
</kw>
<kw name="Get Text" library="SeleniumLibrary">
<var>${submited_arrival_point}</var>
<arg>//div[@id="search-form-agency-arrival" and @aria-labelledby="search-form-agency-arrival"]</arg>
<doc>Returns the text value of the element identified by ``locator``.</doc>
<msg timestamp="20230810 15:51:01.809" level="INFO">${submited_arrival_point} = Gourbeyre - Basse Terre</msg>
<status status="PASS" starttime="20230810 15:51:01.749" endtime="20230810 15:51:01.809"/>
</kw>
<kw name="Get Element Attribute" library="SeleniumLibrary">
<var>${submited_departure_date}</var>
<arg>//input[@name="dateDeparture"]</arg>
<arg>value</arg>
<doc>Returns the value of ``attribute`` from the element ``locator``.</doc>
<msg timestamp="20230810 15:51:01.856" level="INFO">${submited_departure_date} = 1 sept. 2023</msg>
<status status="PASS" starttime="20230810 15:51:01.809" endtime="20230810 15:51:01.856"/>
</kw>
<kw name="Get Formatted Date" library="commun_keywords">
<var>${expected_departure_date}</var>
<arg>${depatureIn}</arg>
<kw name="Get Current Date" library="DateTime">
<var>${currentDate}</var>
<doc>Returns current local or UTC time with an optional increment.</doc>
<msg timestamp="20230810 15:51:01.857" level="INFO">${currentDate} = 2023-08-10 15:51:01.857</msg>
<status status="PASS" starttime="20230810 15:51:01.857" endtime="20230810 15:51:01.857"/>
</kw>
<kw name="Add Time To Date" library="DateTime">
<var>${resultDate}</var>
<arg>${current_date}</arg>
<arg>${numberOfDays} days</arg>
<arg>result_format=%d</arg>
<doc>Adds time to date and returns the resulting date.</doc>
<msg timestamp="20230810 15:51:01.858" level="INFO">${resultDate} = 01</msg>
<status status="PASS" starttime="20230810 15:51:01.857" endtime="20230810 15:51:01.858"/>
</kw>
<kw name="Run Keyword If" library="BuiltIn">
<arg>"${resultDate}"[0] == "0"</arg>
<arg>Return From Keyword</arg>
<arg>${resultDate}[1:]</arg>
<doc>Runs the given keyword with the given arguments, if ``condition`` is true.</doc>
<kw name="Return From Keyword" library="BuiltIn">
<arg>${resultDate}[1:]</arg>
<doc>Returns from the enclosing user keyword.</doc>
<msg timestamp="20230810 15:51:01.858" level="INFO">Returning from the enclosing user keyword.</msg>
<status status="PASS" starttime="20230810 15:51:01.858" endtime="20230810 15:51:01.858"/>
</kw>
<status status="PASS" starttime="20230810 15:51:01.858" endtime="20230810 15:51:01.858"/>
</kw>
<msg timestamp="20230810 15:51:01.858" level="INFO">${expected_departure_date} = 1</msg>
<status status="PASS" starttime="20230810 15:51:01.856" endtime="20230810 15:51:01.858"/>
</kw>
<kw name="Get Element Attribute" library="SeleniumLibrary">
<var>${submited_arrival_date}</var>
<arg>//input[@name="dateArrival"]</arg>
<arg>value</arg>
<doc>Returns the value of ``attribute`` from the element ``locator``.</doc>
<msg timestamp="20230810 15:51:01.887" level="INFO">${submited_arrival_date} = 2 oct. 2023</msg>
<status status="PASS" starttime="20230810 15:51:01.858" endtime="20230810 15:51:01.887"/>
</kw>
<kw name="Get Formatted Date" library="commun_keywords">
<var>${expected_arrival_date}</var>
<arg>${arrivalIn}</arg>
<kw name="Get Current Date" library="DateTime">
<var>${currentDate}</var>
<doc>Returns current local or UTC time with an optional increment.</doc>
<msg timestamp="20230810 15:51:01.888" level="INFO">${currentDate} = 2023-08-10 15:51:01.888</msg>
<status status="PASS" starttime="20230810 15:51:01.887" endtime="20230810 15:51:01.888"/>
</kw>
<kw name="Add Time To Date" library="DateTime">
<var>${resultDate}</var>
<arg>${current_date}</arg>
<arg>${numberOfDays} days</arg>
<arg>result_format=%d</arg>
<doc>Adds time to date and returns the resulting date.</doc>
<msg timestamp="20230810 15:51:01.888" level="INFO">${resultDate} = 02</msg>
<status status="PASS" starttime="20230810 15:51:01.888" endtime="20230810 15:51:01.888"/>
</kw>
<kw name="Run Keyword If" library="BuiltIn">
<arg>"${resultDate}"[0] == "0"</arg>
<arg>Return From Keyword</arg>
<arg>${resultDate}[1:]</arg>
<doc>Runs the given keyword with the given arguments, if ``condition`` is true.</doc>
<kw name="Return From Keyword" library="BuiltIn">
<arg>${resultDate}[1:]</arg>
<doc>Returns from the enclosing user keyword.</doc>
<msg timestamp="20230810 15:51:01.888" level="INFO">Returning from the enclosing user keyword.</msg>
<status status="PASS" starttime="20230810 15:51:01.888" endtime="20230810 15:51:01.889"/>
</kw>
<status status="PASS" starttime="20230810 15:51:01.888" endtime="20230810 15:51:01.889"/>
</kw>
<msg timestamp="20230810 15:51:01.889" level="INFO">${expected_arrival_date} = 2</msg>
<status status="PASS" starttime="20230810 15:51:01.887" endtime="20230810 15:51:01.889"/>
</kw>
<kw name="Convert Time To Seconds" library="commun_keywords">
<var>${depatureTime_sec}</var>
<arg>${depatureTime}</arg>
<kw name="Evaluate" library="BuiltIn">
<var>${hours}</var>
<arg>int("${time[:2]}")</arg>
<doc>Evaluates the given expression in Python and returns the result.</doc>
<msg timestamp="20230810 15:51:01.890" level="INFO">${hours} = 9</msg>
<status status="PASS" starttime="20230810 15:51:01.889" endtime="20230810 15:51:01.890"/>
</kw>
<kw name="Evaluate" library="BuiltIn">
<var>${minutes}</var>
<arg>int("${time[3:]}")</arg>
<doc>Evaluates the given expression in Python and returns the result.</doc>
<msg timestamp="20230810 15:51:01.891" level="INFO">${minutes} = 30</msg>
<status status="PASS" starttime="20230810 15:51:01.890" endtime="20230810 15:51:01.891"/>
</kw>
<kw name="Evaluate" library="BuiltIn">
<var>${total_seconds}</var>
<arg>${hours} * 3600 + ${minutes} * 60</arg>
<doc>Evaluates the given expression in Python and returns the result.</doc>
<msg timestamp="20230810 15:51:01.891" level="INFO">${total_seconds} = 34200</msg>
<status status="PASS" starttime="20230810 15:51:01.891" endtime="20230810 15:51:01.891"/>
</kw>
<msg timestamp="20230810 15:51:01.891" level="INFO">${depatureTime_sec} = 34200</msg>
<status status="PASS" starttime="20230810 15:51:01.889" endtime="20230810 15:51:01.891"/>
</kw>
<kw name="Convert Time To Seconds" library="commun_keywords">
<var>${arrivalTime}</var>
<arg>${arrivalTime}</arg>
<kw name="Evaluate" library="BuiltIn">
<var>${hours}</var>
<arg>int("${time[:2]}")</arg>
<doc>Evaluates the given expression in Python and returns the result.</doc>
<msg timestamp="20230810 15:51:01.892" level="INFO">${hours} = 14</msg>
<status status="PASS" starttime="20230810 15:51:01.892" endtime="20230810 15:51:01.892"/>
</kw>
<kw name="Evaluate" library="BuiltIn">
<var>${minutes}</var>
<arg>int("${time[3:]}")</arg>
<doc>Evaluates the given expression in Python and returns the result.</doc>
<msg timestamp="20230810 15:51:01.893" level="INFO">${minutes} = 30</msg>
<status status="PASS" starttime="20230810 15:51:01.892" endtime="20230810 15:51:01.893"/>
</kw>
<kw name="Evaluate" library="BuiltIn">
<var>${total_seconds}</var>
<arg>${hours} * 3600 + ${minutes} * 60</arg>
<doc>Evaluates the given expression in Python and returns the result.</doc>
<msg timestamp="20230810 15:51:01.894" level="INFO">${total_seconds} = 52200</msg>
<status status="PASS" starttime="20230810 15:51:01.893" endtime="20230810 15:51:01.894"/>
</kw>
<msg timestamp="20230810 15:51:01.894" level="INFO">${arrivalTime} = 52200</msg>
<status status="PASS" starttime="20230810 15:51:01.891" endtime="20230810 15:51:01.894"/>
</kw>
<kw name="Get Converted Age Value" library="commun_keywords">
<var>${age_value}</var>
<arg>${selectedAge}</arg>
<kw name="Run Keyword If" library="BuiltIn">
<arg>'${age}' &lt;= '20'</arg>
<arg>Return From Keyword</arg>
<arg>53</arg>
<arg>ELSE IF</arg>
<arg>'${age}' &gt;= '26'</arg>
<arg>Return From Keyword</arg>
<arg>59</arg>
<arg>ELSE</arg>
<arg>Return From Keyword</arg>
<arg>${age} + 33</arg>
<doc>Runs the given keyword with the given arguments, if ``condition`` is true.</doc>
<kw name="Return From Keyword" library="BuiltIn">
<arg>59</arg>
<doc>Returns from the enclosing user keyword.</doc>
<msg timestamp="20230810 15:51:01.894" level="INFO">Returning from the enclosing user keyword.</msg>
<status status="PASS" starttime="20230810 15:51:01.894" endtime="20230810 15:51:01.894"/>
</kw>
<status status="PASS" starttime="20230810 15:51:01.894" endtime="20230810 15:51:01.894"/>
</kw>
<msg timestamp="20230810 15:51:01.894" level="INFO">${age_value} = 59</msg>
<status status="PASS" starttime="20230810 15:51:01.894" endtime="20230810 15:51:01.894"/>
</kw>
<kw name="Get Selected List Value" library="SeleniumLibrary">
<var>${selected_value}</var>
<arg>//select[@name="driverAge"]</arg>
<doc>Returns the value of selected option from selection list ``locator``.</doc>
<msg timestamp="20230810 15:51:01.961" level="INFO">${selected_value} = 59</msg>
<status status="PASS" starttime="20230810 15:51:01.895" endtime="20230810 15:51:01.961"/>
</kw>
<kw name="Should Be Equal" library="BuiltIn">
<arg>${submited_departure_point}</arg>
<arg>${testDepartureDestination}</arg>
<doc>Fails if the given objects are unequal.</doc>
<status status="PASS" starttime="20230810 15:51:01.962" endtime="20230810 15:51:01.962"/>
</kw>
<kw name="Should Be Equal" library="BuiltIn">
<arg>${submited_arrival_point}</arg>
<arg>${testArrivalDestination}</arg>
<doc>Fails if the given objects are unequal.</doc>
<status status="PASS" starttime="20230810 15:51:01.962" endtime="20230810 15:51:01.962"/>
</kw>
<kw name="Should Contain" library="BuiltIn">
<arg>${submited_departure_date}</arg>
<arg>${expected_departure_date}</arg>
<doc>Fails if ``container`` does not contain ``item`` one or more times.</doc>
<status status="PASS" starttime="20230810 15:51:01.962" endtime="20230810 15:51:01.962"/>
</kw>
<kw name="Should Contain" library="BuiltIn">
<arg>${submited_arrival_date}</arg>
<arg>${expected_arrival_date}</arg>
<doc>Fails if ``container`` does not contain ``item`` one or more times.</doc>
<status status="PASS" starttime="20230810 15:51:01.962" endtime="20230810 15:51:01.962"/>
</kw>
<kw name="Verify Option Selection" library="jumbo_keywords">
<arg>//select[@name="hourDeparture"]</arg>
<arg>${depatureTime_sec}</arg>
<kw name="Get Selected List Value" library="SeleniumLibrary">
<var>${selected_value}</var>
<arg>${locator}</arg>
<doc>Returns the value of selected option from selection list ``locator``.</doc>
<msg timestamp="20230810 15:51:02.026" level="INFO">${selected_value} = 34200</msg>
<status status="PASS" starttime="20230810 15:51:01.962" endtime="20230810 15:51:02.026"/>
</kw>
<kw name="Convert To Integer" library="BuiltIn">
<var>${selected_value}</var>
<arg>${selected_value}</arg>
<doc>Converts the given item to an integer number.</doc>
<msg timestamp="20230810 15:51:02.026" level="INFO">${selected_value} = 34200</msg>
<status status="PASS" starttime="20230810 15:51:02.026" endtime="20230810 15:51:02.026"/>
</kw>
<kw name="Should Be Equal" library="BuiltIn">
<arg>${selected_value}</arg>
<arg>${value}</arg>
<doc>Fails if the given objects are unequal.</doc>
<status status="PASS" starttime="20230810 15:51:02.027" endtime="20230810 15:51:02.027"/>
</kw>
<status status="PASS" starttime="20230810 15:51:01.962" endtime="20230810 15:51:02.027"/>
</kw>
<kw name="Verify Option Selection" library="jumbo_keywords">
<arg>//select[@name="hourArrival"]</arg>
<arg>${arrivalTime}</arg>
<kw name="Get Selected List Value" library="SeleniumLibrary">
<var>${selected_value}</var>
<arg>${locator}</arg>
<doc>Returns the value of selected option from selection list ``locator``.</doc>
<msg timestamp="20230810 15:51:02.133" level="INFO">${selected_value} = 52200</msg>
<status status="PASS" starttime="20230810 15:51:02.027" endtime="20230810 15:51:02.133"/>
</kw>
<kw name="Convert To Integer" library="BuiltIn">
<var>${selected_value}</var>
<arg>${selected_value}</arg>
<doc>Converts the given item to an integer number.</doc>
<msg timestamp="20230810 15:51:02.134" level="INFO">${selected_value} = 52200</msg>
<status status="PASS" starttime="20230810 15:51:02.133" endtime="20230810 15:51:02.134"/>
</kw>
<kw name="Should Be Equal" library="BuiltIn">
<arg>${selected_value}</arg>
<arg>${value}</arg>
<doc>Fails if the given objects are unequal.</doc>
<status status="PASS" starttime="20230810 15:51:02.134" endtime="20230810 15:51:02.134"/>
</kw>
<status status="PASS" starttime="20230810 15:51:02.027" endtime="20230810 15:51:02.134"/>
</kw>
<kw name="Should Be Equal" library="BuiltIn">
<arg>${selected_value}</arg>
<arg>${age_value}</arg>
<doc>Fails if the given objects are unequal.</doc>
<status status="PASS" starttime="20230810 15:51:02.134" endtime="20230810 15:51:02.134"/>
</kw>
<status status="PASS" starttime="20230810 15:51:01.309" endtime="20230810 15:51:02.134"/>
</kw>
<status status="PASS" starttime="20230810 15:50:40.995" endtime="20230810 15:51:02.134"/>
</kw>
<kw name="Verify Current Step" library="jumbo_keywords">
<arg>1</arg>
<kw name="Set Variable If" library="BuiltIn">
<var>${first_step_BG_color}</var>
<arg>${current_step} == 1</arg>
<arg>${current_step_BG_color}</arg>
<arg>${to_be_current_step_BG_color}</arg>
<doc>Sets variable based on the given condition.</doc>
<msg timestamp="20230810 15:51:02.135" level="INFO">${first_step_BG_color} = 'rgb(9, 168, 224)'</msg>
<status status="PASS" starttime="20230810 15:51:02.135" endtime="20230810 15:51:02.135"/>
</kw>
<kw name="Set Variable If" library="BuiltIn">
<var>${second_step_BG_color}</var>
<arg>${current_step} == 2</arg>
<arg>${current_step_BG_color}</arg>
<arg>${to_be_current_step_BG_color}</arg>
<doc>Sets variable based on the given condition.</doc>
<msg timestamp="20230810 15:51:02.135" level="INFO">${second_step_BG_color} = 'rgb(245, 246, 250)'</msg>
<status status="PASS" starttime="20230810 15:51:02.135" endtime="20230810 15:51:02.135"/>
</kw>
<kw name="Set Variable If" library="BuiltIn">
<var>${third_step_BG_color}</var>
<arg>${current_step} == 3</arg>
<arg>${current_step_BG_color}</arg>
<arg>${to_be_current_step_BG_color}</arg>
<doc>Sets variable based on the given condition.</doc>
<msg timestamp="20230810 15:51:02.136" level="INFO">${third_step_BG_color} = 'rgb(245, 246, 250)'</msg>
<status status="PASS" starttime="20230810 15:51:02.135" endtime="20230810 15:51:02.136"/>
</kw>
<kw name="Verify Step Background Color" library="jumbo_keywords">
<arg>1</arg>
<arg>${first_step_BG_color}</arg>
<kw name="Set Variable" library="BuiltIn">
<var>${current_step}</var>
<arg>(${step_band_steps})[${step}]/div[2]</arg>
<doc>Returns the given values which can then be assigned to a variables.</doc>
<msg timestamp="20230810 15:51:02.136" level="INFO">${current_step} = ((//div[@class="MuiContainer-root MuiContainer-maxWidthLg css-ak0fp0"])[1]//div[contains(@class, "MuiBox-root css-8jc67i")])[1]/div[2]</msg>
<status status="PASS" starttime="20230810 15:51:02.136" endtime="20230810 15:51:02.136"/>
</kw>
<kw name="Get Element Attribute" library="SeleniumLibrary">
<var>${background_style}</var>
<arg>${current_step}</arg>
<arg>class</arg>
<doc>Returns the value of ``attribute`` from the element ``locator``.</doc>
<msg timestamp="20230810 15:51:02.153" level="INFO">${background_style} = jss135 jss140 MuiBox-root css-5g8o9a</msg>
<status status="PASS" starttime="20230810 15:51:02.137" endtime="20230810 15:51:02.153"/>
</kw>
<kw name="Get Class Name Background Color Element" library="jumbo_keywords">
<var>${elem}</var>
<arg>${background_style}</arg>
<arg>1</arg>
<kw name="Split String" library="String">
<var>${class_list}</var>
<arg>${class_string}</arg>
<arg>separator=</arg>
<doc>Splits the ``string`` using ``separator`` as a delimiter string.</doc>
<msg timestamp="20230810 15:51:02.153" level="INFO">${class_list} = ['jss135', 'jss140', 'MuiBox-root', 'css-5g8o9a']</msg>
<status status="PASS" starttime="20230810 15:51:02.153" endtime="20230810 15:51:02.153"/>
</kw>
<kw name="Set Variable" library="BuiltIn">
<var>${desired_class}</var>
<arg>${class_list}[${index}]</arg>
<doc>Returns the given values which can then be assigned to a variables.</doc>
<msg timestamp="20230810 15:51:02.154" level="INFO">${desired_class} = jss140</msg>
<status status="PASS" starttime="20230810 15:51:02.153" endtime="20230810 15:51:02.154"/>
</kw>
<msg timestamp="20230810 15:51:02.154" level="INFO">${elem} = jss140</msg>
<status status="PASS" starttime="20230810 15:51:02.153" endtime="20230810 15:51:02.154"/>
</kw>
<kw name="Get Background Color" library="commun_keywords">
<var>${background_color}</var>
<arg>${elem}</arg>
<kw name="Execute Javascript" library="SeleniumLibrary">
<var>${background_color}</var>
<arg>return window.getComputedStyle(document.querySelector('.${elem}')).backgroundColor</arg>
<doc>Executes the given JavaScript code with possible arguments.</doc>
<msg timestamp="20230810 15:51:02.155" level="INFO">Executing JavaScript:
return window.getComputedStyle(document.querySelector('.jss140')).backgroundColor
Without any arguments.</msg>
<msg timestamp="20230810 15:51:02.160" level="INFO">${background_color} = rgb(9, 168, 224)</msg>
<status status="PASS" starttime="20230810 15:51:02.154" endtime="20230810 15:51:02.160"/>
</kw>
<msg timestamp="20230810 15:51:02.160" level="INFO">${background_color} = rgb(9, 168, 224)</msg>
<status status="PASS" starttime="20230810 15:51:02.154" endtime="20230810 15:51:02.160"/>
</kw>
<kw name="Should Be Equal As Strings" library="BuiltIn">
<arg>'${background_color}'</arg>
<arg>${step_BG_color}</arg>
<doc>Fails if objects are unequal after converting them to strings.</doc>
<status status="PASS" starttime="20230810 15:51:02.160" endtime="20230810 15:51:02.161"/>
</kw>
<status status="PASS" starttime="20230810 15:51:02.136" endtime="20230810 15:51:02.161"/>
</kw>
<kw name="Verify Step Background Color" library="jumbo_keywords">
<arg>2</arg>
<arg>${second_step_BG_color}</arg>
<kw name="Set Variable" library="BuiltIn">
<var>${current_step}</var>
<arg>(${step_band_steps})[${step}]/div[2]</arg>
<doc>Returns the given values which can then be assigned to a variables.</doc>
<msg timestamp="20230810 15:51:02.161" level="INFO">${current_step} = ((//div[@class="MuiContainer-root MuiContainer-maxWidthLg css-ak0fp0"])[1]//div[contains(@class, "MuiBox-root css-8jc67i")])[2]/div[2]</msg>
<status status="PASS" starttime="20230810 15:51:02.161" endtime="20230810 15:51:02.161"/>
</kw>
<kw name="Get Element Attribute" library="SeleniumLibrary">
<var>${background_style}</var>
<arg>${current_step}</arg>
<arg>class</arg>
<doc>Returns the value of ``attribute`` from the element ``locator``.</doc>
<msg timestamp="20230810 15:51:02.176" level="INFO">${background_style} = jss135 jss144 MuiBox-root css-5g8o9a</msg>
<status status="PASS" starttime="20230810 15:51:02.161" endtime="20230810 15:51:02.176"/>
</kw>
<kw name="Get Class Name Background Color Element" library="jumbo_keywords">
<var>${elem}</var>
<arg>${background_style}</arg>
<arg>1</arg>
<kw name="Split String" library="String">
<var>${class_list}</var>
<arg>${class_string}</arg>
<arg>separator=</arg>
<doc>Splits the ``string`` using ``separator`` as a delimiter string.</doc>
<msg timestamp="20230810 15:51:02.176" level="INFO">${class_list} = ['jss135', 'jss144', 'MuiBox-root', 'css-5g8o9a']</msg>
<status status="PASS" starttime="20230810 15:51:02.176" endtime="20230810 15:51:02.177"/>
</kw>
<kw name="Set Variable" library="BuiltIn">
<var>${desired_class}</var>
<arg>${class_list}[${index}]</arg>
<doc>Returns the given values which can then be assigned to a variables.</doc>
<msg timestamp="20230810 15:51:02.177" level="INFO">${desired_class} = jss144</msg>
<status status="PASS" starttime="20230810 15:51:02.177" endtime="20230810 15:51:02.177"/>
</kw>
<msg timestamp="20230810 15:51:02.177" level="INFO">${elem} = jss144</msg>
<status status="PASS" starttime="20230810 15:51:02.176" endtime="20230810 15:51:02.177"/>
</kw>
<kw name="Get Background Color" library="commun_keywords">
<var>${background_color}</var>
<arg>${elem}</arg>
<kw name="Execute Javascript" library="SeleniumLibrary">
<var>${background_color}</var>
<arg>return window.getComputedStyle(document.querySelector('.${elem}')).backgroundColor</arg>
<doc>Executes the given JavaScript code with possible arguments.</doc>
<msg timestamp="20230810 15:51:02.178" level="INFO">Executing JavaScript:
return window.getComputedStyle(document.querySelector('.jss144')).backgroundColor
Without any arguments.</msg>
<msg timestamp="20230810 15:51:02.181" level="INFO">${background_color} = rgb(245, 246, 250)</msg>
<status status="PASS" starttime="20230810 15:51:02.177" endtime="20230810 15:51:02.181"/>
</kw>
<msg timestamp="20230810 15:51:02.182" level="INFO">${background_color} = rgb(245, 246, 250)</msg>
<status status="PASS" starttime="20230810 15:51:02.177" endtime="20230810 15:51:02.182"/>
</kw>
<kw name="Should Be Equal As Strings" library="BuiltIn">
<arg>'${background_color}'</arg>
<arg>${step_BG_color}</arg>
<doc>Fails if objects are unequal after converting them to strings.</doc>
<status status="PASS" starttime="20230810 15:51:02.182" endtime="20230810 15:51:02.182"/>
</kw>
<status status="PASS" starttime="20230810 15:51:02.161" endtime="20230810 15:51:02.182"/>
</kw>
<kw name="Verify Step Background Color" library="jumbo_keywords">
<arg>3</arg>
<arg>${third_step_BG_color}</arg>
<kw name="Set Variable" library="BuiltIn">
<var>${current_step}</var>
<arg>(${step_band_steps})[${step}]/div[2]</arg>
<doc>Returns the given values which can then be assigned to a variables.</doc>
<msg timestamp="20230810 15:51:02.182" level="INFO">${current_step} = ((//div[@class="MuiContainer-root MuiContainer-maxWidthLg css-ak0fp0"])[1]//div[contains(@class, "MuiBox-root css-8jc67i")])[3]/div[2]</msg>
<status status="PASS" starttime="20230810 15:51:02.182" endtime="20230810 15:51:02.182"/>
</kw>
<kw name="Get Element Attribute" library="SeleniumLibrary">
<var>${background_style}</var>
<arg>${current_step}</arg>
<arg>class</arg>
<doc>Returns the value of ``attribute`` from the element ``locator``.</doc>
<msg timestamp="20230810 15:51:02.204" level="INFO">${background_style} = jss135 jss148 MuiBox-root css-5g8o9a</msg>
<status status="PASS" starttime="20230810 15:51:02.182" endtime="20230810 15:51:02.204"/>
</kw>
<kw name="Get Class Name Background Color Element" library="jumbo_keywords">
<var>${elem}</var>
<arg>${background_style}</arg>
<arg>1</arg>
<kw name="Split String" library="String">
<var>${class_list}</var>
<arg>${class_string}</arg>
<arg>separator=</arg>
<doc>Splits the ``string`` using ``separator`` as a delimiter string.</doc>
<msg timestamp="20230810 15:51:02.205" level="INFO">${class_list} = ['jss135', 'jss148', 'MuiBox-root', 'css-5g8o9a']</msg>
<status status="PASS" starttime="20230810 15:51:02.204" endtime="20230810 15:51:02.205"/>
</kw>
<kw name="Set Variable" library="BuiltIn">
<var>${desired_class}</var>
<arg>${class_list}[${index}]</arg>
<doc>Returns the given values which can then be assigned to a variables.</doc>
<msg timestamp="20230810 15:51:02.205" level="INFO">${desired_class} = jss148</msg>
<status status="PASS" starttime="20230810 15:51:02.205" endtime="20230810 15:51:02.205"/>
</kw>
<msg timestamp="20230810 15:51:02.205" level="INFO">${elem} = jss148</msg>
<status status="PASS" starttime="20230810 15:51:02.204" endtime="20230810 15:51:02.205"/>
</kw>
<kw name="Get Background Color" library="commun_keywords">
<var>${background_color}</var>
<arg>${elem}</arg>
<kw name="Execute Javascript" library="SeleniumLibrary">
<var>${background_color}</var>
<arg>return window.getComputedStyle(document.querySelector('.${elem}')).backgroundColor</arg>
<doc>Executes the given JavaScript code with possible arguments.</doc>
<msg timestamp="20230810 15:51:02.205" level="INFO">Executing JavaScript:
return window.getComputedStyle(document.querySelector('.jss148')).backgroundColor
Without any arguments.</msg>
<msg timestamp="20230810 15:51:02.210" level="INFO">${background_color} = rgb(245, 246, 250)</msg>
<status status="PASS" starttime="20230810 15:51:02.205" endtime="20230810 15:51:02.210"/>
</kw>
<msg timestamp="20230810 15:51:02.210" level="INFO">${background_color} = rgb(245, 246, 250)</msg>
<status status="PASS" starttime="20230810 15:51:02.205" endtime="20230810 15:51:02.210"/>
</kw>
<kw name="Should Be Equal As Strings" library="BuiltIn">
<arg>'${background_color}'</arg>
<arg>${step_BG_color}</arg>
<doc>Fails if objects are unequal after converting them to strings.</doc>
<status status="PASS" starttime="20230810 15:51:02.210" endtime="20230810 15:51:02.211"/>
</kw>
<status status="PASS" starttime="20230810 15:51:02.182" endtime="20230810 15:51:02.211"/>
</kw>
<status status="PASS" starttime="20230810 15:51:02.135" endtime="20230810 15:51:02.211"/>
</kw>
<kw name="Verify Vehicule Type Bande" library="jumbo_keywords">
<arg>9</arg>
<arg>Tous les véhicules</arg>
<kw name="Element Should Be Visible" library="SeleniumLibrary">
<arg>${vehicule_type_band}</arg>
<doc>Verifies that the element identified by ``locator`` is visible.</doc>
<msg timestamp="20230810 15:51:02.226" level="INFO">Element '(//div[@class="slick-slider slick-initialized"]//div[@class="slick-track"])[1]' is displayed.</msg>
<status status="PASS" starttime="20230810 15:51:02.211" endtime="20230810 15:51:02.226"/>
</kw>
<kw name="Get Element Count" library="SeleniumLibrary">
<var>${band_length}</var>
<arg>${vehicule_types}</arg>
<doc>Returns the number of elements matching ``locator``.</doc>
<msg timestamp="20230810 15:51:02.239" level="INFO">${band_length} = 9</msg>
<status status="PASS" starttime="20230810 15:51:02.227" endtime="20230810 15:51:02.239"/>
</kw>
<kw name="Should Be Equal As Integers" library="BuiltIn">
<arg>${band_length}</arg>
<arg>${nb_of_type}</arg>
<doc>Fails if objects are unequal after converting them to integers.</doc>
<msg timestamp="20230810 15:51:02.240" level="INFO">Argument types are:
&lt;class 'int'&gt;
&lt;class 'str'&gt;</msg>
<status status="PASS" starttime="20230810 15:51:02.240" endtime="20230810 15:51:02.240"/>
</kw>
<kw name="Run Keywords" library="BuiltIn">
<arg>Click Element</arg>
<arg>${slide_right}</arg>
<arg>AND</arg>
<arg>Sleep</arg>
<arg>1s</arg>
<arg>AND</arg>
<arg>Element Should Be Visible</arg>
<arg>(${vehicule_types})[${nb_of_type}]</arg>
<doc>Executes all the given keywords in a sequence.</doc>
<kw name="Click Element" library="SeleniumLibrary">
<arg>${slide_right}</arg>
<doc>Click the element identified by ``locator``.</doc>
<msg timestamp="20230810 15:51:02.240" level="INFO">Clicking element '//span[@class="slick-arrow slick-next"]'.</msg>
<status status="PASS" starttime="20230810 15:51:02.240" endtime="20230810 15:51:02.282"/>
</kw>
<kw name="Sleep" library="BuiltIn">
<arg>1s</arg>
<doc>Pauses the test executed for the given time.</doc>
<msg timestamp="20230810 15:51:03.283" level="INFO">Slept 1 second</msg>
<status status="PASS" starttime="20230810 15:51:02.282" endtime="20230810 15:51:03.283"/>
</kw>
<kw name="Element Should Be Visible" library="SeleniumLibrary">
<arg>(${vehicule_types})[${nb_of_type}]</arg>
<doc>Verifies that the element identified by ``locator`` is visible.</doc>
<msg timestamp="20230810 15:51:03.301" level="INFO">Element '((//div[@class="slick-slider slick-initialized"]//div[@class="slick-track"])[1]/div[@style="outline: none; width: 117px;"])[9]' is displayed.</msg>
<status status="PASS" starttime="20230810 15:51:03.283" endtime="20230810 15:51:03.301"/>
</kw>
<status status="PASS" starttime="20230810 15:51:02.240" endtime="20230810 15:51:03.302"/>
</kw>
<kw name="Run Keywords" library="BuiltIn">
<arg>Click Element</arg>
<arg>${slide_left}</arg>
<arg>AND</arg>
<arg>Sleep</arg>
<arg>1s</arg>
<arg>AND</arg>
<arg>Element Should Be Visible</arg>
<arg>(${vehicule_types})[1]</arg>
<doc>Executes all the given keywords in a sequence.</doc>
<kw name="Click Element" library="SeleniumLibrary">
<arg>${slide_left}</arg>
<doc>Click the element identified by ``locator``.</doc>
<msg timestamp="20230810 15:51:03.302" level="INFO">Clicking element '//span[@class="slick-arrow slick-prev"]'.</msg>
<status status="PASS" starttime="20230810 15:51:03.302" endtime="20230810 15:51:03.342"/>
</kw>
<kw name="Sleep" library="BuiltIn">
<arg>1s</arg>
<doc>Pauses the test executed for the given time.</doc>
<msg timestamp="20230810 15:51:04.342" level="INFO">Slept 1 second</msg>
<status status="PASS" starttime="20230810 15:51:03.342" endtime="20230810 15:51:04.342"/>
</kw>
<kw name="Element Should Be Visible" library="SeleniumLibrary">
<arg>(${vehicule_types})[1]</arg>
<doc>Verifies that the element identified by ``locator`` is visible.</doc>
<msg timestamp="20230810 15:51:04.397" level="INFO">Element '((//div[@class="slick-slider slick-initialized"]//div[@class="slick-track"])[1]/div[@style="outline: none; width: 117px;"])[1]' is displayed.</msg>
<status status="PASS" starttime="20230810 15:51:04.342" endtime="20230810 15:51:04.398"/>
</kw>
<status status="PASS" starttime="20230810 15:51:03.302" endtime="20230810 15:51:04.398"/>
</kw>
<kw name="Verify Selected Type" library="jumbo_keywords">
<arg>${preselected_type}</arg>
<kw name="Set Variable" library="BuiltIn">
<var>${selected_type_container}</var>
<arg>${vehicule_type_band}//div[./button/div/p[text()="${selected_type}"]]</arg>
<doc>Returns the given values which can then be assigned to a variables.</doc>
<msg timestamp="20230810 15:51:04.398" level="INFO">${selected_type_container} = (//div[@class="slick-slider slick-initialized"]//div[@class="slick-track"])[1]//div[./button/div/p[text()="Tous les véhicules"]]</msg>
<status status="PASS" starttime="20230810 15:51:04.398" endtime="20230810 15:51:04.398"/>
</kw>
<kw name="Get Element Attribute" library="SeleniumLibrary">
<var>${selected_type_container_class}</var>
<arg>${selected_type_container}</arg>
<arg>class</arg>
<doc>Returns the value of ``attribute`` from the element ``locator``.</doc>
<msg timestamp="20230810 15:51:04.431" level="INFO">${selected_type_container_class} = MuiPaper-root MuiPaper-elevation MuiPaper-rounded MuiPaper-elevation1 MuiCard-root jss168 jss173 jss167 jss172 css-14vhue8</msg>
<status status="PASS" starttime="20230810 15:51:04.398" endtime="20230810 15:51:04.431"/>
</kw>
<kw name="Get Count" library="BuiltIn">
<var>${count}</var>
<arg>${selected_type_container_class}</arg>
<arg>jss</arg>
<doc>Returns and logs how many times ``item`` is found from ``container``.</doc>
<msg timestamp="20230810 15:51:04.432" level="INFO">Item found from container 4 times.</msg>
<msg timestamp="20230810 15:51:04.432" level="INFO">${count} = 4</msg>
<status status="PASS" starttime="20230810 15:51:04.432" endtime="20230810 15:51:04.432"/>
</kw>
<kw name="Should Be Equal As Integers" library="BuiltIn">
<arg>${count}</arg>
<arg>4</arg>
<arg>Le type '${selected_type}' n'est pas le type sélectionné</arg>
<doc>Fails if objects are unequal after converting them to integers.</doc>
<msg timestamp="20230810 15:51:04.432" level="INFO">Argument types are:
&lt;class 'int'&gt;
&lt;class 'str'&gt;</msg>
<status status="PASS" starttime="20230810 15:51:04.432" endtime="20230810 15:51:04.432"/>
</kw>
<status status="PASS" starttime="20230810 15:51:04.398" endtime="20230810 15:51:04.432"/>
</kw>
<status status="PASS" starttime="20230810 15:51:02.211" endtime="20230810 15:51:04.432"/>
</kw>
<kw name="Select Vehicule Type" library="jumbo_keywords">
<arg>Familiale</arg>
<kw name="Run Keyword And Return Status" library="BuiltIn">
<var>${is_selected}</var>
<arg>Verify Selected Type</arg>
<arg>${selected_type}</arg>
<doc>Runs the given keyword with given arguments and returns the status as a Boolean value.</doc>
<kw name="Verify Selected Type" library="jumbo_keywords">
<arg>${selected_type}</arg>
<kw name="Set Variable" library="BuiltIn">
<var>${selected_type_container}</var>
<arg>${vehicule_type_band}//div[./button/div/p[text()="${selected_type}"]]</arg>
<doc>Returns the given values which can then be assigned to a variables.</doc>
<msg timestamp="20230810 15:51:04.434" level="INFO">${selected_type_container} = (//div[@class="slick-slider slick-initialized"]//div[@class="slick-track"])[1]//div[./button/div/p[text()="Familiale"]]</msg>
<status status="PASS" starttime="20230810 15:51:04.434" endtime="20230810 15:51:04.434"/>
</kw>
<kw name="Get Element Attribute" library="SeleniumLibrary">
<var>${selected_type_container_class}</var>
<arg>${selected_type_container}</arg>
<arg>class</arg>
<doc>Returns the value of ``attribute`` from the element ``locator``.</doc>
<msg timestamp="20230810 15:51:04.469" level="INFO">${selected_type_container_class} = MuiPaper-root MuiPaper-elevation MuiPaper-rounded MuiPaper-elevation1 MuiCard-root jss167 jss180 css-14vhue8</msg>
<status status="PASS" starttime="20230810 15:51:04.434" endtime="20230810 15:51:04.469"/>
</kw>
<kw name="Get Count" library="BuiltIn">
<var>${count}</var>
<arg>${selected_type_container_class}</arg>
<arg>jss</arg>
<doc>Returns and logs how many times ``item`` is found from ``container``.</doc>
<msg timestamp="20230810 15:51:04.470" level="INFO">Item found from container 2 times.</msg>
<msg timestamp="20230810 15:51:04.470" level="INFO">${count} = 2</msg>
<status status="PASS" starttime="20230810 15:51:04.469" endtime="20230810 15:51:04.470"/>
</kw>
<kw name="Should Be Equal As Integers" library="BuiltIn">
<arg>${count}</arg>
<arg>4</arg>
<arg>Le type '${selected_type}' n'est pas le type sélectionné</arg>
<doc>Fails if objects are unequal after converting them to integers.</doc>
<msg timestamp="20230810 15:51:04.470" level="INFO">Argument types are:
&lt;class 'int'&gt;
&lt;class 'str'&gt;</msg>
<msg timestamp="20230810 15:51:04.470" level="FAIL">Le type 'Familiale' n'est pas le type sélectionné: 2 != 4</msg>
<status status="FAIL" starttime="20230810 15:51:04.470" endtime="20230810 15:51:04.471"/>
</kw>
<status status="FAIL" starttime="20230810 15:51:04.434" endtime="20230810 15:51:04.471"/>
</kw>
<msg timestamp="20230810 15:51:04.471" level="INFO">${is_selected} = False</msg>
<status status="PASS" starttime="20230810 15:51:04.433" endtime="20230810 15:51:04.471"/>
</kw>
<kw name="Run Keyword And Return Status" library="BuiltIn">
<var>${is_visible}</var>
<arg>Element Should Be Visible</arg>
<arg>${vehicule_type_band}//div[./button/div/p[text()="${selected_type}"]]</arg>
<doc>Runs the given keyword with given arguments and returns the status as a Boolean value.</doc>
<kw name="Element Should Be Visible" library="SeleniumLibrary">
<arg>${vehicule_type_band}//div[./button/div/p[text()="${selected_type}"]]</arg>
<doc>Verifies that the element identified by ``locator`` is visible.</doc>
<msg timestamp="20230810 15:51:04.503" level="INFO">Element '(//div[@class="slick-slider slick-initialized"]//div[@class="slick-track"])[1]//div[./button/div/p[text()="Familiale"]]' is displayed.</msg>
<status status="PASS" starttime="20230810 15:51:04.471" endtime="20230810 15:51:04.503"/>
</kw>
<msg timestamp="20230810 15:51:04.504" level="INFO">${is_visible} = True</msg>
[...]
<msg timestamp="20230810 15:51:07.386" level="INFO">${element} = //p[contains(text(), "voiture") and contains(text(), "trouvée")]</msg>
<status status="PASS" starttime="20230810 15:51:07.386" endtime="20230810 15:51:07.386"/>
</kw>
<kw name="Get Text" library="SeleniumLibrary">
<var>${text}</var>
<arg>${element}</arg>
<doc>Returns the text value of the element identified by ``locator``.</doc>
<msg timestamp="20230810 15:51:07.400" level="INFO">${text} = 2 voitures trouvées</msg>
<status status="PASS" starttime="20230810 15:51:07.386" endtime="20230810 15:51:07.400"/>
</kw>
<kw name="Split String" library="String">
<var>${number_of_vehicule}</var>
<arg>${text}</arg>
<arg>${SPACE}</arg>
<doc>Splits the ``string`` using ``separator`` as a delimiter string.</doc>
<msg timestamp="20230810 15:51:07.400" level="INFO">${number_of_vehicule} = ['2', 'voitures', 'trouvées']</msg>
<status status="PASS" starttime="20230810 15:51:07.400" endtime="20230810 15:51:07.400"/>
</kw>
<msg timestamp="20230810 15:51:07.400" level="INFO">${previous_vehicule_count} = 2</msg>
<status status="PASS" starttime="20230810 15:51:07.386" endtime="20230810 15:51:07.400"/>
</kw>
<kw name="Element Should Be Visible" library="SeleniumLibrary">
<arg>${filter}//div[./div/p[text()="${filter_categorie}"]]</arg>
<doc>Verifies that the element identified by ``locator`` is visible.</doc>
<msg timestamp="20230810 15:51:07.418" level="INFO">Element '//div[@class="MuiBox-root css-1g48ue6"]//div[./div/p[text()="Places"]]' is displayed.</msg>
<status status="PASS" starttime="20230810 15:51:07.401" endtime="20230810 15:51:07.418"/>
</kw>
<kw name="Element Should Be Visible" library="SeleniumLibrary">
<arg>//div[.//p[text()="${filter_value}"]]/span</arg>
<doc>Verifies that the element identified by ``locator`` is visible.</doc>
<msg timestamp="20230810 15:51:07.433" level="INFO">Element '//div[.//p[text()="5 places"]]/span' is displayed.</msg>
<status status="PASS" starttime="20230810 15:51:07.418" endtime="20230810 15:51:07.433"/>
</kw>
<kw name="Click Element" library="SeleniumLibrary">
<arg>//div[.//p[text()="${filter_value}"]]/span</arg>
<doc>Click the element identified by ``locator``.</doc>
<msg timestamp="20230810 15:51:07.434" level="INFO">Clicking element '//div[.//p[text()="5 places"]]/span'.</msg>
<status status="PASS" starttime="20230810 15:51:07.433" endtime="20230810 15:51:07.584"/>
</kw>
<kw name="Get Number Of Found Vehicule" library="jumbo_keywords">
<var>${new_vehicule_count}</var>
<kw name="Set Variable" library="BuiltIn">
<var>${element}</var>
<arg>//p[contains(text(), "voiture") and contains(text(), "trouvée")]</arg>
<doc>Returns the given values which can then be assigned to a variables.</doc>
<msg timestamp="20230810 15:51:07.584" level="INFO">${element} = //p[contains(text(), "voiture") and contains(text(), "trouvée")]</msg>
<status status="PASS" starttime="20230810 15:51:07.584" endtime="20230810 15:51:07.584"/>
</kw>
<kw name="Get Text" library="SeleniumLibrary">
<var>${text}</var>
<arg>${element}</arg>
<doc>Returns the text value of the element identified by ``locator``.</doc>
<msg timestamp="20230810 15:51:07.618" level="INFO">${text} = 1 voiture trouvée</msg>
<status status="PASS" starttime="20230810 15:51:07.584" endtime="20230810 15:51:07.618"/>
</kw>
<kw name="Split String" library="String">
<var>${number_of_vehicule}</var>
<arg>${text}</arg>
<arg>${SPACE}</arg>
<doc>Splits the ``string`` using ``separator`` as a delimiter string.</doc>
<msg timestamp="20230810 15:51:07.619" level="INFO">${number_of_vehicule} = ['1', 'voiture', 'trouvée']</msg>
<status status="PASS" starttime="20230810 15:51:07.618" endtime="20230810 15:51:07.619"/>
</kw>
<msg timestamp="20230810 15:51:07.619" level="INFO">${new_vehicule_count} = 1</msg>
<status status="PASS" starttime="20230810 15:51:07.584" endtime="20230810 15:51:07.619"/>
</kw>
<kw name="Run Keyword If" library="BuiltIn">
<arg>'${previous_vehicule_count}' != '0' and '${new_vehicule_count}' != '0'</arg>
<arg>Should Not Be Equal</arg>
<arg>${previous_vehicule_count}</arg>
<arg>${new_vehicule_count}</arg>
<doc>Runs the given keyword with the given arguments, if ``condition`` is true.</doc>
<kw name="Should Not Be Equal" library="BuiltIn">
<arg>${previous_vehicule_count}</arg>
<arg>${new_vehicule_count}</arg>
<doc>Fails if the given objects are equal.</doc>
<status status="PASS" starttime="20230810 15:51:07.619" endtime="20230810 15:51:07.619"/>
</kw>
<status status="PASS" starttime="20230810 15:51:07.619" endtime="20230810 15:51:07.619"/>
</kw>
<status status="PASS" starttime="20230810 15:51:07.370" endtime="20230810 15:51:07.619"/>
</kw>
<kw name="Choose Vehicule" library="jumbo_keywords">
<arg>Hyundai Tucson</arg>
<kw name="Set Variable" library="BuiltIn">
<var>${vehicule_container}</var>
<arg>//div[@class="MuiBox-root css-1s03asw" and .//p[text()="${vehicule_model}"]]</arg>
<doc>Returns the given values which can then be assigned to a variables.</doc>
<msg timestamp="20230810 15:51:07.620" level="INFO">${vehicule_container} = //div[@class="MuiBox-root css-1s03asw" and .//p[text()="Hyundai Tucson"]]</msg>
<status status="PASS" starttime="20230810 15:51:07.620" endtime="20230810 15:51:07.620"/>
</kw>
<kw name="Scroll Element Into View" library="SeleniumLibrary">
<arg>${vehicule_container}</arg>
<doc>Scrolls the element identified by ``locator`` into view.</doc>
<status status="PASS" starttime="20230810 15:51:07.620" endtime="20230810 15:51:07.915"/>
</kw>
<kw name="Element Should Be Visible" library="SeleniumLibrary">
<arg>${vehicule_container}</arg>
<doc>Verifies that the element identified by ``locator`` is visible.</doc>
<msg timestamp="20230810 15:51:07.934" level="INFO">Element '//div[@class="MuiBox-root css-1s03asw" and .//p[text()="Hyundai Tucson"]]' is displayed.</msg>
<status status="PASS" starttime="20230810 15:51:07.915" endtime="20230810 15:51:07.934"/>
</kw>
<kw name="Click Element" library="SeleniumLibrary">
<arg>${vehicule_container}//button[.//p[text()="Réserver"]]</arg>
<doc>Click the element identified by ``locator``.</doc>
<msg timestamp="20230810 15:51:07.934" level="INFO">Clicking element '//div[@class="MuiBox-root css-1s03asw" and .//p[text()="Hyundai Tucson"]]//button[.//p[text()="Réserver"]]'.</msg>
<status status="PASS" starttime="20230810 15:51:07.934" endtime="20230810 15:51:08.081"/>
</kw>
<status status="PASS" starttime="20230810 15:51:07.620" endtime="20230810 15:51:08.081"/>
</kw>
<kw name="Sleep" library="BuiltIn">
<arg>15s</arg>
<doc>Pauses the test executed for the given time.</doc>
<msg timestamp="20230810 15:51:23.082" level="INFO">Slept 15 seconds</msg>
<status status="PASS" starttime="20230810 15:51:08.081" endtime="20230810 15:51:23.082"/>
</kw>
<kw name="Verify Current Step" library="jumbo_keywords">
<arg>2</arg>
<kw name="Set Variable If" library="BuiltIn">
<var>${first_step_BG_color}</var>
<arg>${current_step} == 1</arg>
<arg>${current_step_BG_color}</arg>
<arg>${to_be_current_step_BG_color}</arg>
<doc>Sets variable based on the given condition.</doc>
<msg timestamp="20230810 15:51:23.086" level="INFO">${first_step_BG_color} = 'rgb(245, 246, 250)'</msg>
<status status="PASS" starttime="20230810 15:51:23.084" endtime="20230810 15:51:23.086"/>
</kw>
<kw name="Set Variable If" library="BuiltIn">
<var>${second_step_BG_color}</var>
<arg>${current_step} == 2</arg>
<arg>${current_step_BG_color}</arg>
<arg>${to_be_current_step_BG_color}</arg>
<doc>Sets variable based on the given condition.</doc>
<msg timestamp="20230810 15:51:23.088" level="INFO">${second_step_BG_color} = 'rgb(9, 168, 224)'</msg>
<status status="PASS" starttime="20230810 15:51:23.087" endtime="20230810 15:51:23.088"/>
</kw>
<kw name="Set Variable If" library="BuiltIn">
<var>${third_step_BG_color}</var>
<arg>${current_step} == 3</arg>
<arg>${current_step_BG_color}</arg>
<arg>${to_be_current_step_BG_color}</arg>
<doc>Sets variable based on the given condition.</doc>
<msg timestamp="20230810 15:51:23.089" level="INFO">${third_step_BG_color} = 'rgb(245, 246, 250)'</msg>
<status status="PASS" starttime="20230810 15:51:23.088" endtime="20230810 15:51:23.089"/>
</kw>
<kw name="Verify Step Background Color" library="jumbo_keywords">
<arg>1</arg>
<arg>${first_step_BG_color}</arg>
<kw name="Set Variable" library="BuiltIn">
<var>${current_step}</var>
<arg>(${step_band_steps})[${step}]/div[2]</arg>
<doc>Returns the given values which can then be assigned to a variables.</doc>
<msg timestamp="20230810 15:51:23.090" level="INFO">${current_step} = ((//div[@class="MuiContainer-root MuiContainer-maxWidthLg css-ak0fp0"])[1]//div[contains(@class, "MuiBox-root css-8jc67i")])[1]/div[2]</msg>
<status status="PASS" starttime="20230810 15:51:23.089" endtime="20230810 15:51:23.090"/>
</kw>
<kw name="Get Element Attribute" library="SeleniumLibrary">
<var>${background_style}</var>
<arg>${current_step}</arg>
<arg>class</arg>
<doc>Returns the value of ``attribute`` from the element ``locator``.</doc>
<msg timestamp="20230810 15:51:23.110" level="INFO">${background_style} = jss135 jss272 MuiBox-root css-5g8o9a</msg>
<status status="PASS" starttime="20230810 15:51:23.090" endtime="20230810 15:51:23.110"/>
</kw>
<kw name="Get Class Name Background Color Element" library="jumbo_keywords">
<var>${elem}</var>
<arg>${background_style}</arg>
<arg>1</arg>
<kw name="Split String" library="String">
<var>${class_list}</var>
<arg>${class_string}</arg>
<arg>separator=</arg>
<doc>Splits the ``string`` using ``separator`` as a delimiter string.</doc>
<msg timestamp="20230810 15:51:23.111" level="INFO">${class_list} = ['jss135', 'jss272', 'MuiBox-root', 'css-5g8o9a']</msg>
<status status="PASS" starttime="20230810 15:51:23.111" endtime="20230810 15:51:23.111"/>
</kw>
<kw name="Set Variable" library="BuiltIn">
<var>${desired_class}</var>
<arg>${class_list}[${index}]</arg>
<doc>Returns the given values which can then be assigned to a variables.</doc>
<msg timestamp="20230810 15:51:23.111" level="INFO">${desired_class} = jss272</msg>
<status status="PASS" starttime="20230810 15:51:23.111" endtime="20230810 15:51:23.111"/>
</kw>
<msg timestamp="20230810 15:51:23.111" level="INFO">${elem} = jss272</msg>
<status status="PASS" starttime="20230810 15:51:23.110" endtime="20230810 15:51:23.111"/>
</kw>
<kw name="Get Background Color" library="commun_keywords">
<var>${background_color}</var>
<arg>${elem}</arg>
<kw name="Execute Javascript" library="SeleniumLibrary">
<var>${background_color}</var>
<arg>return window.getComputedStyle(document.querySelector('.${elem}')).backgroundColor</arg>
<doc>Executes the given JavaScript code with possible arguments.</doc>
<msg timestamp="20230810 15:51:23.112" level="INFO">Executing JavaScript:
return window.getComputedStyle(document.querySelector('.jss272')).backgroundColor
Without any arguments.</msg>
<msg timestamp="20230810 15:51:23.117" level="INFO">${background_color} = rgb(245, 246, 250)</msg>
<status status="PASS" starttime="20230810 15:51:23.111" endtime="20230810 15:51:23.117"/>
</kw>
<msg timestamp="20230810 15:51:23.117" level="INFO">${background_color} = rgb(245, 246, 250)</msg>
<status status="PASS" starttime="20230810 15:51:23.111" endtime="20230810 15:51:23.117"/>
</kw>
<kw name="Should Be Equal As Strings" library="BuiltIn">
<arg>'${background_color}'</arg>
<arg>${step_BG_color}</arg>
<doc>Fails if objects are unequal after converting them to strings.</doc>
<status status="PASS" starttime="20230810 15:51:23.117" endtime="20230810 15:51:23.118"/>
</kw>
<status status="PASS" starttime="20230810 15:51:23.089" endtime="20230810 15:51:23.118"/>
</kw>
<kw name="Verify Step Background Color" library="jumbo_keywords">
<arg>2</arg>
<arg>${second_step_BG_color}</arg>
<kw name="Set Variable" library="BuiltIn">
<var>${current_step}</var>
<arg>(${step_band_steps})[${step}]/div[2]</arg>
<doc>Returns the given values which can then be assigned to a variables.</doc>
<msg timestamp="20230810 15:51:23.118" level="INFO">${current_step} = ((//div[@class="MuiContainer-root MuiContainer-maxWidthLg css-ak0fp0"])[1]//div[contains(@class, "MuiBox-root css-8jc67i")])[2]/div[2]</msg>
<status status="PASS" starttime="20230810 15:51:23.118" endtime="20230810 15:51:23.118"/>
</kw>
<kw name="Get Element Attribute" library="SeleniumLibrary">
<var>${background_style}</var>
<arg>${current_step}</arg>
<arg>class</arg>
<doc>Returns the value of ``attribute`` from the element ``locator``.</doc>
<msg timestamp="20230810 15:51:23.133" level="INFO">${background_style} = jss135 jss276 MuiBox-root css-5g8o9a</msg>
<status status="PASS" starttime="20230810 15:51:23.118" endtime="20230810 15:51:23.133"/>
</kw>
<kw name="Get Class Name Background Color Element" library="jumbo_keywords">
<var>${elem}</var>
<arg>${background_style}</arg>
<arg>1</arg>
<kw name="Split String" library="String">
<var>${class_list}</var>
<arg>${class_string}</arg>
<arg>separator=</arg>
<doc>Splits the ``string`` using ``separator`` as a delimiter string.</doc>
<msg timestamp="20230810 15:51:23.134" level="INFO">${class_list} = ['jss135', 'jss276', 'MuiBox-root', 'css-5g8o9a']</msg>
<status status="PASS" starttime="20230810 15:51:23.133" endtime="20230810 15:51:23.134"/>
</kw>
<kw name="Set Variable" library="BuiltIn">
<var>${desired_class}</var>
<arg>${class_list}[${index}]</arg>
<doc>Returns the given values which can then be assigned to a variables.</doc>
<msg timestamp="20230810 15:51:23.134" level="INFO">${desired_class} = jss276</msg>
<status status="PASS" starttime="20230810 15:51:23.134" endtime="20230810 15:51:23.134"/>
</kw>
<msg timestamp="20230810 15:51:23.134" level="INFO">${elem} = jss276</msg>
<status status="PASS" starttime="20230810 15:51:23.133" endtime="20230810 15:51:23.134"/>
</kw>
<kw name="Get Background Color" library="commun_keywords">
<var>${background_color}</var>
<arg>${elem}</arg>
<kw name="Execute Javascript" library="SeleniumLibrary">
<var>${background_color}</var>
<arg>return window.getComputedStyle(document.querySelector('.${elem}')).backgroundColor</arg>
<doc>Executes the given JavaScript code with possible arguments.</doc>
<msg timestamp="20230810 15:51:23.134" level="INFO">Executing JavaScript:
return window.getComputedStyle(document.querySelector('.jss276')).backgroundColor
Without any arguments.</msg>
<msg timestamp="20230810 15:51:23.142" level="INFO">${background_color} = rgb(9, 168, 224)</msg>
<status status="PASS" starttime="20230810 15:51:23.134" endtime="20230810 15:51:23.142"/>
</kw>
<msg timestamp="20230810 15:51:23.142" level="INFO">${background_color} = rgb(9, 168, 224)</msg>
<status status="PASS" starttime="20230810 15:51:23.134" endtime="20230810 15:51:23.142"/>
</kw>
<kw name="Should Be Equal As Strings" library="BuiltIn">
<arg>'${background_color}'</arg>
<arg>${step_BG_color}</arg>
<doc>Fails if objects are unequal after converting them to strings.</doc>
<status status="PASS" starttime="20230810 15:51:23.142" endtime="20230810 15:51:23.142"/>
</kw>
<status status="PASS" starttime="20230810 15:51:23.118" endtime="20230810 15:51:23.142"/>
</kw>
<kw name="Verify Step Background Color" library="jumbo_keywords">
<arg>3</arg>
<arg>${third_step_BG_color}</arg>
<kw name="Set Variable" library="BuiltIn">
<var>${current_step}</var>
<arg>(${step_band_steps})[${step}]/div[2]</arg>
<doc>Returns the given values which can then be assigned to a variables.</doc>
<msg timestamp="20230810 15:51:23.143" level="INFO">${current_step} = ((//div[@class="MuiContainer-root MuiContainer-maxWidthLg css-ak0fp0"])[1]//div[contains(@class, "MuiBox-root css-8jc67i")])[3]/div[2]</msg>
<status status="PASS" starttime="20230810 15:51:23.143" endtime="20230810 15:51:23.143"/>
</kw>
<kw name="Get Element Attribute" library="SeleniumLibrary">
<var>${background_style}</var>
<arg>${current_step}</arg>
<arg>class</arg>
<doc>Returns the value of ``attribute`` from the element ``locator``.</doc>
<msg timestamp="20230810 15:51:23.155" level="INFO">${background_style} = jss135 jss280 MuiBox-root css-5g8o9a</msg>
<status status="PASS" starttime="20230810 15:51:23.143" endtime="20230810 15:51:23.155"/>
</kw>
<kw name="Get Class Name Background Color Element" library="jumbo_keywords">
<var>${elem}</var>
<arg>${background_style}</arg>
<arg>1</arg>
<kw name="Split String" library="String">
<var>${class_list}</var>
<arg>${class_string}</arg>
<arg>separator=</arg>
<doc>Splits the ``string`` using ``separator`` as a delimiter string.</doc>
<msg timestamp="20230810 15:51:23.156" level="INFO">${class_list} = ['jss135', 'jss280', 'MuiBox-root', 'css-5g8o9a']</msg>
<status status="PASS" starttime="20230810 15:51:23.156" endtime="20230810 15:51:23.156"/>
</kw>
<kw name="Set Variable" library="BuiltIn">
<var>${desired_class}</var>
<arg>${class_list}[${index}]</arg>
<doc>Returns the given values which can then be assigned to a variables.</doc>
<msg timestamp="20230810 15:51:23.156" level="INFO">${desired_class} = jss280</msg>
<status status="PASS" starttime="20230810 15:51:23.156" endtime="20230810 15:51:23.156"/>
</kw>
<msg timestamp="20230810 15:51:23.156" level="INFO">${elem} = jss280</msg>
<status status="PASS" starttime="20230810 15:51:23.155" endtime="20230810 15:51:23.156"/>
</kw>
<kw name="Get Background Color" library="commun_keywords">
<var>${background_color}</var>
<arg>${elem}</arg>
<kw name="Execute Javascript" library="SeleniumLibrary">
<var>${background_color}</var>
<arg>return window.getComputedStyle(document.querySelector('.${elem}')).backgroundColor</arg>
<doc>Executes the given JavaScript code with possible arguments.</doc>
<msg timestamp="20230810 15:51:23.157" level="INFO">Executing JavaScript:
return window.getComputedStyle(document.querySelector('.jss280')).backgroundColor
Without any arguments.</msg>
<msg timestamp="20230810 15:51:23.160" level="INFO">${background_color} = rgb(245, 246, 250)</msg>
<status status="PASS" starttime="20230810 15:51:23.156" endtime="20230810 15:51:23.160"/>
</kw>
<msg timestamp="20230810 15:51:23.160" level="INFO">${background_color} = rgb(245, 246, 250)</msg>
<status status="PASS" starttime="20230810 15:51:23.156" endtime="20230810 15:51:23.160"/>
</kw>
<kw name="Should Be Equal As Strings" library="BuiltIn">
<arg>'${background_color}'</arg>
<arg>${step_BG_color}</arg>
<doc>Fails if objects are unequal after converting them to strings.</doc>
<status status="PASS" starttime="20230810 15:51:23.160" endtime="20230810 15:51:23.160"/>
</kw>
<status status="PASS" starttime="20230810 15:51:23.143" endtime="20230810 15:51:23.161"/>
</kw>
<status status="PASS" starttime="20230810 15:51:23.084" endtime="20230810 15:51:23.161"/>
</kw>
<kw name="Close Browser" library="SeleniumLibrary" type="TEARDOWN">
<doc>Closes the current browser.</doc>
<status status="PASS" starttime="20230810 15:51:23.161" endtime="20230810 15:51:25.368"/>
</kw>
<tag>JUMBO</tag>
<tag>M00C00</tag>
<status status="PASS" starttime="20230810 15:50:25.560" endtime="20230810 15:51:25.369"/>
</test>
<doc>Test récupéré sur Squash traduit en Robotframework pour le POC de l'outil T-A</doc>
<status status="PASS" starttime="20230810 15:50:25.285" endtime="20230810 15:51:25.374"/>
</suite>
<status status="PASS" starttime="20230810 15:50:25.283" endtime="20230810 15:51:25.377"/>
</suite>
<status status="PASS" starttime="20230810 15:50:25.266" endtime="20230810 15:51:25.381"/>
</suite>
<statistics>
<total>
<stat pass="1" fail="0" skip="0">All Tests</stat>
</total>
<tag>
<stat pass="1" fail="0" skip="0">JUMBO</stat>
<stat pass="1" fail="0" skip="0">M00C00</stat>
</tag>
<suite>
<stat pass="1" fail="0" skip="0" id="s1" name="Tests">Tests</stat>
<stat pass="1" fail="0" skip="0" id="s1-s1" name="TNR">Tests.TNR</stat>
<stat pass="1" fail="0" skip="0" id="s1-s1-s1" name="Test from squash">Tests.TNR.Test from squash</stat>
</suite>
</statistics>
<errors>
<msg timestamp="20230810 15:50:28.117" level="WARN">Error getting version of chromedriver 115. Retrying with chromedriver 114 (attempt 1/5)</msg>
</errors>
</robot>
